{"/Users/ohadshalom/JS_Class_2022/HW1_fullstack_course/src/server.ts": {"path":"/Users/ohadshalom/JS_Class_2022/HW1_fullstack_course/src/server.ts","statementMap":{"0":{"start":{"line":1,"column":0},"end":{"line":1,"column":29}},"1":{"start":{"line":2,"column":12},"end":{"line":2,"column":21}},"2":{"start":{"line":3,"column":0},"end":{"line":3,"column":27}},"3":{"start":{"line":4,"column":0},"end":{"line":4,"column":null}},"4":{"start":{"line":6,"column":0},"end":{"line":6,"column":null}},"5":{"start":{"line":8,"column":0},"end":{"line":8,"column":31}},"6":{"start":{"line":9,"column":0},"end":{"line":9,"column":null}},"7":{"start":{"line":11,"column":11},"end":{"line":11,"column":30}},"8":{"start":{"line":12,"column":0},"end":{"line":14,"column":null}},"9":{"start":{"line":13,"column":4},"end":{"line":13,"column":null}},"10":{"start":{"line":15,"column":0},"end":{"line":17,"column":null}},"11":{"start":{"line":16,"column":4},"end":{"line":16,"column":null}},"12":{"start":{"line":19,"column":0},"end":{"line":19,"column":36}},"13":{"start":{"line":20,"column":0},"end":{"line":20,"column":null}},"14":{"start":{"line":21,"column":0},"end":{"line":21,"column":null}},"15":{"start":{"line":24,"column":0},"end":{"line":24,"column":46}},"16":{"start":{"line":25,"column":0},"end":{"line":25,"column":null}},"17":{"start":{"line":27,"column":0},"end":{"line":27,"column":46}},"18":{"start":{"line":28,"column":0},"end":{"line":28,"column":null}},"19":{"start":{"line":31,"column":0},"end":{"line":31,"column":null}}},"fnMap":{"0":{"name":"(anonymous_1)","decl":{"start":{"line":12,"column":14},"end":{"line":12,"column":15}},"loc":{"start":{"line":12,"column":23},"end":{"line":14,"column":1}}},"1":{"name":"(anonymous_2)","decl":{"start":{"line":15,"column":15},"end":{"line":15,"column":17}},"loc":{"start":{"line":15,"column":19},"end":{"line":17,"column":1}}}},"branchMap":{},"s":{"0":2,"1":2,"2":2,"3":2,"4":2,"5":2,"6":2,"7":2,"8":2,"9":0,"10":2,"11":2,"12":2,"13":2,"14":2,"15":2,"16":2,"17":2,"18":2,"19":2},"f":{"0":0,"1":2},"b":{}}
,"/Users/ohadshalom/JS_Class_2022/HW1_fullstack_course/src/common/auth_middleware.ts": {"path":"/Users/ohadshalom/JS_Class_2022/HW1_fullstack_course/src/common/auth_middleware.ts","statementMap":{"0":{"start":{"line":2,"column":0},"end":{"line":2,"column":30}},"1":{"start":{"line":3,"column":0},"end":{"line":3,"column":47}},"2":{"start":{"line":5,"column":23},"end":{"line":18,"column":null}},"3":{"start":{"line":5,"column":80},"end":{"line":18,"column":null}},"4":{"start":{"line":6,"column":16},"end":{"line":6,"column":44}},"5":{"start":{"line":7,"column":4},"end":{"line":9,"column":null}},"6":{"start":{"line":8,"column":8},"end":{"line":8,"column":null}},"7":{"start":{"line":10,"column":4},"end":{"line":10,"column":null}},"8":{"start":{"line":11,"column":4},"end":{"line":17,"column":null}},"9":{"start":{"line":12,"column":8},"end":{"line":14,"column":null}},"10":{"start":{"line":13,"column":12},"end":{"line":13,"column":null}},"11":{"start":{"line":15,"column":8},"end":{"line":15,"column":null}},"12":{"start":{"line":16,"column":8},"end":{"line":16,"column":null}},"13":{"start":{"line":20,"column":0},"end":{"line":20,"column":null}}},"fnMap":{"0":{"name":"(anonymous_8)","decl":{"start":{"line":5,"column":23},"end":{"line":5,"column":30}},"loc":{"start":{"line":5,"column":80},"end":{"line":18,"column":null}}},"1":{"name":"(anonymous_9)","decl":{"start":{"line":5,"column":80},"end":{"line":5,"column":null}},"loc":{"start":{"line":5,"column":80},"end":{"line":18,"column":1}}},"2":{"name":"(anonymous_10)","decl":{"start":{"line":11,"column":53},"end":{"line":11,"column":54}},"loc":{"start":{"line":11,"column":67},"end":{"line":17,"column":5}}}},"branchMap":{"0":{"loc":{"start":{"line":7,"column":4},"end":{"line":9,"column":null}},"type":"if","locations":[{"start":{"line":7,"column":4},"end":{"line":9,"column":null}}]},"1":{"loc":{"start":{"line":7,"column":8},"end":{"line":7,"column":43}},"type":"binary-expr","locations":[{"start":{"line":7,"column":8},"end":{"line":7,"column":26}},{"start":{"line":7,"column":30},"end":{"line":7,"column":43}}]},"2":{"loc":{"start":{"line":12,"column":8},"end":{"line":14,"column":null}},"type":"if","locations":[{"start":{"line":12,"column":8},"end":{"line":14,"column":null}}]}},"s":{"0":2,"1":2,"2":2,"3":10,"4":10,"5":10,"6":0,"7":10,"8":10,"9":10,"10":1,"11":9,"12":9,"13":2},"f":{"0":10,"1":10,"2":10},"b":{"0":[0],"1":[10,10],"2":[1]}}
,"/Users/ohadshalom/JS_Class_2022/HW1_fullstack_course/src/controllers/auth.ts": {"path":"/Users/ohadshalom/JS_Class_2022/HW1_fullstack_course/src/controllers/auth.ts","statementMap":{"0":{"start":{"line":1,"column":0},"end":{"line":1,"column":39}},"1":{"start":{"line":3,"column":0},"end":{"line":3,"column":48}},"2":{"start":{"line":4,"column":0},"end":{"line":4,"column":27}},"3":{"start":{"line":5,"column":0},"end":{"line":5,"column":31}},"4":{"start":{"line":13,"column":18},"end":{"line":61,"column":4}},"5":{"start":{"line":13,"column":56},"end":{"line":61,"column":4}},"6":{"start":{"line":14,"column":4},"end":{"line":14,"column":28}},"7":{"start":{"line":16,"column":18},"end":{"line":16,"column":32}},"8":{"start":{"line":17,"column":21},"end":{"line":17,"column":38}},"9":{"start":{"line":19,"column":4},"end":{"line":26,"column":null}},"10":{"start":{"line":25,"column":6},"end":{"line":25,"column":94}},"11":{"start":{"line":29,"column":17},"end":{"line":29,"column":41}},"12":{"start":{"line":30,"column":30},"end":{"line":30,"column":63}},"13":{"start":{"line":34,"column":17},"end":{"line":37,"column":6}},"14":{"start":{"line":38,"column":4},"end":{"line":60,"column":null}},"15":{"start":{"line":39,"column":22},"end":{"line":39,"column":39}},"16":{"start":{"line":41,"column":26},"end":{"line":44,"column":null}},"17":{"start":{"line":46,"column":27},"end":{"line":49,"column":null}},"18":{"start":{"line":51,"column":6},"end":{"line":51,"column":42}},"19":{"start":{"line":52,"column":6},"end":{"line":52,"column":27}},"20":{"start":{"line":53,"column":6},"end":{"line":57,"column":9}},"21":{"start":{"line":59,"column":6},"end":{"line":59,"column":78}},"22":{"start":{"line":68,"column":15},"end":{"line":115,"column":2}},"23":{"start":{"line":68,"column":54},"end":{"line":115,"column":2}},"24":{"start":{"line":69,"column":4},"end":{"line":69,"column":null}},"25":{"start":{"line":70,"column":18},"end":{"line":70,"column":32}},"26":{"start":{"line":71,"column":21},"end":{"line":71,"column":38}},"27":{"start":{"line":72,"column":4},"end":{"line":76,"column":null}},"28":{"start":{"line":73,"column":6},"end":{"line":75,"column":52}},"29":{"start":{"line":78,"column":4},"end":{"line":114,"column":null}},"30":{"start":{"line":80,"column":19},"end":{"line":80,"column":55}},"31":{"start":{"line":81,"column":6},"end":{"line":85,"column":null}},"32":{"start":{"line":82,"column":8},"end":{"line":84,"column":54}},"33":{"start":{"line":87,"column":20},"end":{"line":87,"column":65}},"34":{"start":{"line":88,"column":6},"end":{"line":92,"column":null}},"35":{"start":{"line":89,"column":8},"end":{"line":91,"column":54}},"36":{"start":{"line":95,"column":26},"end":{"line":98,"column":null}},"37":{"start":{"line":100,"column":27},"end":{"line":103,"column":null}},"38":{"start":{"line":105,"column":6},"end":{"line":105,"column":39}},"39":{"start":{"line":106,"column":6},"end":{"line":106,"column":24}},"40":{"start":{"line":107,"column":6},"end":{"line":111,"column":9}},"41":{"start":{"line":113,"column":6},"end":{"line":113,"column":78}},"42":{"start":{"line":124,"column":20},"end":{"line":166,"column":4}},"43":{"start":{"line":124,"column":58},"end":{"line":166,"column":4}},"44":{"start":{"line":125,"column":4},"end":{"line":125,"column":30}},"45":{"start":{"line":127,"column":16},"end":{"line":127,"column":44}},"46":{"start":{"line":128,"column":4},"end":{"line":130,"column":null}},"47":{"start":{"line":129,"column":6},"end":{"line":129,"column":51}},"48":{"start":{"line":131,"column":4},"end":{"line":131,"column":32}},"49":{"start":{"line":132,"column":4},"end":{"line":165,"column":7}},"50":{"start":{"line":132,"column":78},"end":{"line":165,"column":6}},"51":{"start":{"line":133,"column":6},"end":{"line":135,"column":null}},"52":{"start":{"line":134,"column":8},"end":{"line":134,"column":53}},"53":{"start":{"line":136,"column":6},"end":{"line":136,"column":28}},"54":{"start":{"line":138,"column":6},"end":{"line":164,"column":null}},"55":{"start":{"line":139,"column":21},"end":{"line":139,"column":48}},"56":{"start":{"line":140,"column":8},"end":{"line":144,"column":null}},"57":{"start":{"line":141,"column":10},"end":{"line":141,"column":33}},"58":{"start":{"line":142,"column":10},"end":{"line":142,"column":28}},"59":{"start":{"line":143,"column":10},"end":{"line":143,"column":80}},"60":{"start":{"line":145,"column":28},"end":{"line":148,"column":null}},"61":{"start":{"line":150,"column":29},"end":{"line":153,"column":null}},"62":{"start":{"line":155,"column":8},"end":{"line":155,"column":41}},"63":{"start":{"line":156,"column":8},"end":{"line":156,"column":26}},"64":{"start":{"line":157,"column":8},"end":{"line":161,"column":11}},"65":{"start":{"line":163,"column":8},"end":{"line":163,"column":78}},"66":{"start":{"line":173,"column":16},"end":{"line":183,"column":4}},"67":{"start":{"line":173,"column":54},"end":{"line":183,"column":4}},"68":{"start":{"line":174,"column":4},"end":{"line":182,"column":null}},"69":{"start":{"line":175,"column":19},"end":{"line":175,"column":66}},"70":{"start":{"line":176,"column":6},"end":{"line":176,"column":null}},"71":{"start":{"line":177,"column":6},"end":{"line":177,"column":null}},"72":{"start":{"line":178,"column":6},"end":{"line":178,"column":59}},"73":{"start":{"line":181,"column":6},"end":{"line":181,"column":76}},"74":{"start":{"line":185,"column":2},"end":{"line":190,"column":4}}},"fnMap":{"0":{"name":"(anonymous_8)","decl":{"start":{"line":13,"column":18},"end":{"line":13,"column":25}},"loc":{"start":{"line":13,"column":56},"end":{"line":61,"column":4}}},"1":{"name":"(anonymous_9)","decl":{"start":{"line":13,"column":56},"end":{"line":13,"column":null}},"loc":{"start":{"line":13,"column":56},"end":{"line":61,"column":3}}},"2":{"name":"(anonymous_10)","decl":{"start":{"line":68,"column":15},"end":{"line":68,"column":22}},"loc":{"start":{"line":68,"column":54},"end":{"line":115,"column":2}}},"3":{"name":"(anonymous_11)","decl":{"start":{"line":68,"column":54},"end":{"line":68,"column":null}},"loc":{"start":{"line":68,"column":54},"end":{"line":115,"column":1}}},"4":{"name":"(anonymous_12)","decl":{"start":{"line":124,"column":20},"end":{"line":124,"column":27}},"loc":{"start":{"line":124,"column":58},"end":{"line":166,"column":4}}},"5":{"name":"(anonymous_13)","decl":{"start":{"line":124,"column":58},"end":{"line":124,"column":null}},"loc":{"start":{"line":124,"column":58},"end":{"line":166,"column":3}}},"6":{"name":"(anonymous_14)","decl":{"start":{"line":132,"column":56},"end":{"line":132,"column":63}},"loc":{"start":{"line":132,"column":78},"end":{"line":165,"column":6}}},"7":{"name":"(anonymous_15)","decl":{"start":{"line":132,"column":78},"end":{"line":132,"column":null}},"loc":{"start":{"line":132,"column":78},"end":{"line":165,"column":5}}},"8":{"name":"(anonymous_16)","decl":{"start":{"line":173,"column":16},"end":{"line":173,"column":23}},"loc":{"start":{"line":173,"column":54},"end":{"line":183,"column":4}}},"9":{"name":"(anonymous_17)","decl":{"start":{"line":173,"column":54},"end":{"line":173,"column":null}},"loc":{"start":{"line":173,"column":54},"end":{"line":183,"column":3}}}},"branchMap":{"0":{"loc":{"start":{"line":19,"column":4},"end":{"line":26,"column":null}},"type":"if","locations":[{"start":{"line":19,"column":4},"end":{"line":26,"column":null}}]},"1":{"loc":{"start":{"line":20,"column":6},"end":{"line":23,"column":27}},"type":"binary-expr","locations":[{"start":{"line":20,"column":6},"end":{"line":20,"column":19}},{"start":{"line":21,"column":6},"end":{"line":21,"column":24}},{"start":{"line":22,"column":6},"end":{"line":22,"column":22}},{"start":{"line":23,"column":6},"end":{"line":23,"column":27}}]},"2":{"loc":{"start":{"line":72,"column":4},"end":{"line":76,"column":null}},"type":"if","locations":[{"start":{"line":72,"column":4},"end":{"line":76,"column":null}}]},"3":{"loc":{"start":{"line":72,"column":8},"end":{"line":72,"column":41}},"type":"binary-expr","locations":[{"start":{"line":72,"column":8},"end":{"line":72,"column":21}},{"start":{"line":72,"column":25},"end":{"line":72,"column":41}}]},"4":{"loc":{"start":{"line":81,"column":6},"end":{"line":85,"column":null}},"type":"if","locations":[{"start":{"line":81,"column":6},"end":{"line":85,"column":null}}]},"5":{"loc":{"start":{"line":88,"column":6},"end":{"line":92,"column":null}},"type":"if","locations":[{"start":{"line":88,"column":6},"end":{"line":92,"column":null}}]},"6":{"loc":{"start":{"line":128,"column":4},"end":{"line":130,"column":null}},"type":"if","locations":[{"start":{"line":128,"column":4},"end":{"line":130,"column":null}}]},"7":{"loc":{"start":{"line":128,"column":8},"end":{"line":128,"column":43}},"type":"binary-expr","locations":[{"start":{"line":128,"column":8},"end":{"line":128,"column":26}},{"start":{"line":128,"column":30},"end":{"line":128,"column":43}}]},"8":{"loc":{"start":{"line":133,"column":6},"end":{"line":135,"column":null}},"type":"if","locations":[{"start":{"line":133,"column":6},"end":{"line":135,"column":null}}]},"9":{"loc":{"start":{"line":140,"column":8},"end":{"line":144,"column":null}},"type":"if","locations":[{"start":{"line":140,"column":8},"end":{"line":144,"column":null}}]}},"s":{"0":2,"1":2,"2":2,"3":2,"4":2,"5":4,"6":4,"7":4,"8":4,"9":4,"10":1,"11":3,"12":3,"13":3,"14":3,"15":3,"16":2,"17":2,"18":2,"19":2,"20":2,"21":1,"22":2,"23":4,"24":4,"25":4,"26":4,"27":4,"28":1,"29":3,"30":3,"31":3,"32":1,"33":2,"34":2,"35":1,"36":1,"37":1,"38":1,"39":1,"40":1,"41":0,"42":2,"43":3,"44":3,"45":3,"46":3,"47":1,"48":2,"49":2,"50":2,"51":2,"52":1,"53":1,"54":1,"55":1,"56":1,"57":0,"58":0,"59":0,"60":1,"61":1,"62":1,"63":1,"64":1,"65":0,"66":2,"67":1,"68":1,"69":1,"70":1,"71":1,"72":1,"73":0,"74":2},"f":{"0":4,"1":4,"2":4,"3":4,"4":3,"5":3,"6":2,"7":2,"8":1,"9":1},"b":{"0":[1],"1":[4,3,3,3],"2":[1],"3":[4,3],"4":[1],"5":[1],"6":[1],"7":[3,2],"8":[1],"9":[0]}}
,"/Users/ohadshalom/JS_Class_2022/HW1_fullstack_course/src/controllers/post.ts": {"path":"/Users/ohadshalom/JS_Class_2022/HW1_fullstack_course/src/controllers/post.ts","statementMap":{"0":{"start":{"line":1,"column":0},"end":{"line":1,"column":39}},"1":{"start":{"line":8,"column":20},"end":{"line":24,"column":null}},"2":{"start":{"line":8,"column":59},"end":{"line":24,"column":null}},"3":{"start":{"line":9,"column":4},"end":{"line":9,"column":null}},"4":{"start":{"line":11,"column":4},"end":{"line":22,"column":null}},"5":{"start":{"line":12,"column":23},"end":{"line":12,"column":39}},"6":{"start":{"line":14,"column":8},"end":{"line":16,"column":null}},"7":{"start":{"line":15,"column":12},"end":{"line":15,"column":null}},"8":{"start":{"line":17,"column":8},"end":{"line":17,"column":null}},"9":{"start":{"line":19,"column":8},"end":{"line":21,"column":null}},"10":{"start":{"line":27,"column":20},"end":{"line":48,"column":null}},"11":{"start":{"line":27,"column":56},"end":{"line":48,"column":null}},"12":{"start":{"line":28,"column":4},"end":{"line":28,"column":null}},"13":{"start":{"line":29,"column":15},"end":{"line":29,"column":28}},"14":{"start":{"line":30,"column":4},"end":{"line":32,"column":null}},"15":{"start":{"line":31,"column":8},"end":{"line":31,"column":null}},"16":{"start":{"line":34,"column":4},"end":{"line":47,"column":null}},"17":{"start":{"line":35,"column":21},"end":{"line":35,"column":44}},"18":{"start":{"line":36,"column":8},"end":{"line":42,"column":null}},"19":{"start":{"line":37,"column":12},"end":{"line":39,"column":null}},"20":{"start":{"line":41,"column":12},"end":{"line":41,"column":null}},"21":{"start":{"line":44,"column":8},"end":{"line":46,"column":null}},"22":{"start":{"line":55,"column":22},"end":{"line":71,"column":null}},"23":{"start":{"line":55,"column":58},"end":{"line":71,"column":null}},"24":{"start":{"line":56,"column":4},"end":{"line":56,"column":null}},"25":{"start":{"line":58,"column":17},"end":{"line":61,"column":6}},"26":{"start":{"line":63,"column":4},"end":{"line":70,"column":null}},"27":{"start":{"line":64,"column":24},"end":{"line":64,"column":41}},"28":{"start":{"line":65,"column":8},"end":{"line":65,"column":null}},"29":{"start":{"line":67,"column":8},"end":{"line":69,"column":null}},"30":{"start":{"line":73,"column":23},"end":{"line":88,"column":null}},"31":{"start":{"line":73,"column":58},"end":{"line":88,"column":null}},"32":{"start":{"line":74,"column":4},"end":{"line":74,"column":null}},"33":{"start":{"line":75,"column":15},"end":{"line":75,"column":28}},"34":{"start":{"line":76,"column":4},"end":{"line":78,"column":null}},"35":{"start":{"line":77,"column":8},"end":{"line":77,"column":null}},"36":{"start":{"line":80,"column":4},"end":{"line":87,"column":null}},"37":{"start":{"line":81,"column":8},"end":{"line":81,"column":null}},"38":{"start":{"line":82,"column":8},"end":{"line":82,"column":null}},"39":{"start":{"line":84,"column":8},"end":{"line":86,"column":null}},"40":{"start":{"line":107,"column":30},"end":{"line":123,"column":null}},"41":{"start":{"line":107,"column":65},"end":{"line":123,"column":null}},"42":{"start":{"line":108,"column":4},"end":{"line":108,"column":null}},"43":{"start":{"line":109,"column":15},"end":{"line":109,"column":28}},"44":{"start":{"line":110,"column":18},"end":{"line":110,"column":33}},"45":{"start":{"line":111,"column":4},"end":{"line":113,"column":null}},"46":{"start":{"line":112,"column":8},"end":{"line":112,"column":null}},"47":{"start":{"line":115,"column":4},"end":{"line":122,"column":null}},"48":{"start":{"line":116,"column":8},"end":{"line":116,"column":null}},"49":{"start":{"line":117,"column":8},"end":{"line":117,"column":null}},"50":{"start":{"line":119,"column":8},"end":{"line":121,"column":null}},"51":{"start":{"line":124,"column":0},"end":{"line":130,"column":null}}},"fnMap":{"0":{"name":"(anonymous_8)","decl":{"start":{"line":8,"column":20},"end":{"line":8,"column":27}},"loc":{"start":{"line":8,"column":59},"end":{"line":24,"column":null}}},"1":{"name":"(anonymous_9)","decl":{"start":{"line":8,"column":59},"end":{"line":8,"column":null}},"loc":{"start":{"line":8,"column":59},"end":{"line":24,"column":1}}},"2":{"name":"(anonymous_10)","decl":{"start":{"line":27,"column":20},"end":{"line":27,"column":27}},"loc":{"start":{"line":27,"column":56},"end":{"line":48,"column":null}}},"3":{"name":"(anonymous_11)","decl":{"start":{"line":27,"column":56},"end":{"line":27,"column":null}},"loc":{"start":{"line":27,"column":56},"end":{"line":48,"column":1}}},"4":{"name":"(anonymous_12)","decl":{"start":{"line":55,"column":22},"end":{"line":55,"column":29}},"loc":{"start":{"line":55,"column":58},"end":{"line":71,"column":null}}},"5":{"name":"(anonymous_13)","decl":{"start":{"line":55,"column":58},"end":{"line":55,"column":null}},"loc":{"start":{"line":55,"column":58},"end":{"line":71,"column":1}}},"6":{"name":"(anonymous_14)","decl":{"start":{"line":73,"column":23},"end":{"line":73,"column":30}},"loc":{"start":{"line":73,"column":58},"end":{"line":88,"column":null}}},"7":{"name":"(anonymous_15)","decl":{"start":{"line":73,"column":58},"end":{"line":73,"column":null}},"loc":{"start":{"line":73,"column":58},"end":{"line":88,"column":1}}},"8":{"name":"(anonymous_16)","decl":{"start":{"line":107,"column":30},"end":{"line":107,"column":37}},"loc":{"start":{"line":107,"column":65},"end":{"line":123,"column":null}}},"9":{"name":"(anonymous_17)","decl":{"start":{"line":107,"column":65},"end":{"line":107,"column":null}},"loc":{"start":{"line":107,"column":65},"end":{"line":123,"column":1}}}},"branchMap":{"0":{"loc":{"start":{"line":14,"column":8},"end":{"line":16,"column":null}},"type":"if","locations":[{"start":{"line":14,"column":8},"end":{"line":16,"column":null}}]},"1":{"loc":{"start":{"line":14,"column":12},"end":{"line":14,"column":49}},"type":"binary-expr","locations":[{"start":{"line":14,"column":12},"end":{"line":14,"column":26}},{"start":{"line":14,"column":30},"end":{"line":14,"column":49}}]},"2":{"loc":{"start":{"line":30,"column":4},"end":{"line":32,"column":null}},"type":"if","locations":[{"start":{"line":30,"column":4},"end":{"line":32,"column":null}}]},"3":{"loc":{"start":{"line":30,"column":8},"end":{"line":30,"column":49}},"type":"binary-expr","locations":[{"start":{"line":30,"column":8},"end":{"line":30,"column":18}},{"start":{"line":30,"column":22},"end":{"line":30,"column":37}},{"start":{"line":30,"column":41},"end":{"line":30,"column":49}}]},"4":{"loc":{"start":{"line":36,"column":8},"end":{"line":42,"column":null}},"type":"if","locations":[{"start":{"line":36,"column":8},"end":{"line":42,"column":null}},{"start":{"line":40,"column":13},"end":{"line":42,"column":null}}]},"5":{"loc":{"start":{"line":76,"column":4},"end":{"line":78,"column":null}},"type":"if","locations":[{"start":{"line":76,"column":4},"end":{"line":78,"column":null}}]},"6":{"loc":{"start":{"line":76,"column":8},"end":{"line":76,"column":37}},"type":"binary-expr","locations":[{"start":{"line":76,"column":8},"end":{"line":76,"column":18}},{"start":{"line":76,"column":22},"end":{"line":76,"column":37}}]},"7":{"loc":{"start":{"line":111,"column":4},"end":{"line":113,"column":null}},"type":"if","locations":[{"start":{"line":111,"column":4},"end":{"line":113,"column":null}}]},"8":{"loc":{"start":{"line":111,"column":8},"end":{"line":111,"column":37}},"type":"binary-expr","locations":[{"start":{"line":111,"column":8},"end":{"line":111,"column":18}},{"start":{"line":111,"column":22},"end":{"line":111,"column":37}}]}},"s":{"0":2,"1":2,"2":2,"3":2,"4":2,"5":2,"6":2,"7":1,"8":2,"9":0,"10":2,"11":4,"12":4,"13":4,"14":4,"15":0,"16":4,"17":4,"18":3,"19":1,"20":2,"21":1,"22":2,"23":2,"24":2,"25":2,"26":2,"27":2,"28":1,"29":1,"30":2,"31":3,"32":3,"33":3,"34":3,"35":1,"36":2,"37":2,"38":1,"39":1,"40":2,"41":3,"42":3,"43":3,"44":3,"45":3,"46":1,"47":2,"48":2,"49":1,"50":1,"51":2},"f":{"0":2,"1":2,"2":4,"3":4,"4":2,"5":2,"6":3,"7":3,"8":3,"9":3},"b":{"0":[1],"1":[2,1],"2":[0],"3":[4,4,4],"4":[1,2],"5":[1],"6":[3,2],"7":[1],"8":[3,2]}}
,"/Users/ohadshalom/JS_Class_2022/HW1_fullstack_course/src/models/post_model.ts": {"path":"/Users/ohadshalom/JS_Class_2022/HW1_fullstack_course/src/models/post_model.ts","statementMap":{"0":{"start":{"line":1,"column":0},"end":{"line":1,"column":31}},"1":{"start":{"line":3,"column":19},"end":{"line":12,"column":2}},"2":{"start":{"line":14,"column":0},"end":{"line":14,"column":null}}},"fnMap":{},"branchMap":{},"s":{"0":2,"1":2,"2":2},"f":{},"b":{}}
,"/Users/ohadshalom/JS_Class_2022/HW1_fullstack_course/src/models/user_model.ts": {"path":"/Users/ohadshalom/JS_Class_2022/HW1_fullstack_course/src/models/user_model.ts","statementMap":{"0":{"start":{"line":1,"column":0},"end":{"line":1,"column":32}},"1":{"start":{"line":3,"column":19},"end":{"line":16,"column":2}},"2":{"start":{"line":18,"column":0},"end":{"line":18,"column":44}}},"fnMap":{},"branchMap":{},"s":{"0":2,"1":2,"2":2},"f":{},"b":{}}
,"/Users/ohadshalom/JS_Class_2022/HW1_fullstack_course/src/routes/auth_routes.ts": {"path":"/Users/ohadshalom/JS_Class_2022/HW1_fullstack_course/src/routes/auth_routes.ts","statementMap":{"0":{"start":{"line":1,"column":0},"end":{"line":1,"column":29}},"1":{"start":{"line":2,"column":15},"end":{"line":2,"column":31}},"2":{"start":{"line":3,"column":0},"end":{"line":3,"column":38}},"3":{"start":{"line":4,"column":0},"end":{"line":4,"column":53}},"4":{"start":{"line":6,"column":0},"end":{"line":6,"column":40}},"5":{"start":{"line":7,"column":0},"end":{"line":7,"column":34}},"6":{"start":{"line":8,"column":0},"end":{"line":8,"column":40}},"7":{"start":{"line":9,"column":0},"end":{"line":9,"column":45}},"8":{"start":{"line":14,"column":0},"end":{"line":14,"column":null}}},"fnMap":{},"branchMap":{},"s":{"0":2,"1":2,"2":2,"3":2,"4":2,"5":2,"6":2,"7":2,"8":2},"f":{},"b":{}}
,"/Users/ohadshalom/JS_Class_2022/HW1_fullstack_course/src/routes/post_routes.ts": {"path":"/Users/ohadshalom/JS_Class_2022/HW1_fullstack_course/src/routes/post_routes.ts","statementMap":{"0":{"start":{"line":1,"column":0},"end":{"line":1,"column":29}},"1":{"start":{"line":2,"column":15},"end":{"line":2,"column":31}},"2":{"start":{"line":3,"column":0},"end":{"line":3,"column":38}},"3":{"start":{"line":4,"column":0},"end":{"line":4,"column":52}},"4":{"start":{"line":7,"column":0},"end":{"line":7,"column":null}},"5":{"start":{"line":9,"column":0},"end":{"line":9,"column":null}},"6":{"start":{"line":11,"column":0},"end":{"line":11,"column":null}},"7":{"start":{"line":13,"column":0},"end":{"line":13,"column":null}},"8":{"start":{"line":14,"column":0},"end":{"line":14,"column":null}},"9":{"start":{"line":17,"column":0},"end":{"line":17,"column":null}},"10":{"start":{"line":18,"column":0},"end":{"line":18,"column":null}},"11":{"start":{"line":20,"column":0},"end":{"line":20,"column":null}}},"fnMap":{},"branchMap":{},"s":{"0":2,"1":2,"2":2,"3":2,"4":2,"5":2,"6":2,"7":2,"8":2,"9":2,"10":2,"11":2},"f":{},"b":{}}
}
