{"C:\\Users\\liron\\Desktop\\full stack project\\Full-Stack-Project\\dist\\server.js": {"path":"C:\\Users\\liron\\Desktop\\full stack project\\Full-Stack-Project\\dist\\server.js","statementMap":{"0":{"start":{"line":2,"column":22},"end":{"line":4,"column":1}},"1":{"start":{"line":3,"column":4},"end":{"line":3,"column":62}},"2":{"start":{"line":5,"column":18},"end":{"line":5,"column":53}},"3":{"start":{"line":6,"column":12},"end":{"line":6,"column":36}},"4":{"start":{"line":7,"column":17},"end":{"line":7,"column":51}},"5":{"start":{"line":8,"column":0},"end":{"line":8,"column":26}},"6":{"start":{"line":9,"column":0},"end":{"line":9,"column":37}},"7":{"start":{"line":10,"column":19},"end":{"line":10,"column":55}},"8":{"start":{"line":11,"column":0},"end":{"line":11,"column":53}},"9":{"start":{"line":12,"column":11},"end":{"line":12,"column":40}},"10":{"start":{"line":13,"column":0},"end":{"line":15,"column":3}},"11":{"start":{"line":14,"column":4},"end":{"line":14,"column":25}},"12":{"start":{"line":16,"column":0},"end":{"line":18,"column":3}},"13":{"start":{"line":17,"column":4},"end":{"line":17,"column":38}},"14":{"start":{"line":19,"column":22},"end":{"line":19,"column":61}},"15":{"start":{"line":20,"column":0},"end":{"line":20,"column":76}},"16":{"start":{"line":21,"column":0},"end":{"line":21,"column":38}},"17":{"start":{"line":22,"column":22},"end":{"line":22,"column":70}},"18":{"start":{"line":23,"column":0},"end":{"line":23,"column":40}},"19":{"start":{"line":24,"column":22},"end":{"line":24,"column":70}},"20":{"start":{"line":25,"column":0},"end":{"line":25,"column":40}},"21":{"start":{"line":26,"column":0},"end":{"line":26,"column":21}}},"fnMap":{"0":{"name":"(anonymous_0)","decl":{"start":{"line":2,"column":56},"end":{"line":2,"column":57}},"loc":{"start":{"line":2,"column":71},"end":{"line":4,"column":1}},"line":2},"1":{"name":"(anonymous_1)","decl":{"start":{"line":13,"column":15},"end":{"line":13,"column":16}},"loc":{"start":{"line":13,"column":26},"end":{"line":15,"column":1}},"line":13},"2":{"name":"(anonymous_2)","decl":{"start":{"line":16,"column":16},"end":{"line":16,"column":17}},"loc":{"start":{"line":16,"column":22},"end":{"line":18,"column":1}},"line":16}},"branchMap":{"0":{"loc":{"start":{"line":2,"column":22},"end":{"line":4,"column":1}},"type":"binary-expr","locations":[{"start":{"line":2,"column":23},"end":{"line":2,"column":27}},{"start":{"line":2,"column":31},"end":{"line":2,"column":51}},{"start":{"line":2,"column":56},"end":{"line":4,"column":1}}],"line":2},"1":{"loc":{"start":{"line":3,"column":11},"end":{"line":3,"column":61}},"type":"cond-expr","locations":[{"start":{"line":3,"column":37},"end":{"line":3,"column":40}},{"start":{"line":3,"column":43},"end":{"line":3,"column":61}}],"line":3},"2":{"loc":{"start":{"line":3,"column":12},"end":{"line":3,"column":33}},"type":"binary-expr","locations":[{"start":{"line":3,"column":12},"end":{"line":3,"column":15}},{"start":{"line":3,"column":19},"end":{"line":3,"column":33}}],"line":3}},"s":{"0":2,"1":12,"2":2,"3":2,"4":2,"5":2,"6":2,"7":2,"8":2,"9":2,"10":2,"11":0,"12":2,"13":2,"14":2,"15":2,"16":2,"17":2,"18":2,"19":2,"20":2,"21":2},"f":{"0":12,"1":0,"2":2},"b":{"0":[2,2,2],"1":[0,12],"2":[12,12]},"inputSourceMap":null,"_coverageSchema":"1a1c01bbd47fc00a2c39e90264f33305004495a9","hash":"84478a3a353ff02d47e4226241cd49fc9617d747"}
,"C:\\Users\\liron\\Desktop\\full stack project\\Full-Stack-Project\\dist\\common\\auth_middleware.js": {"path":"C:\\Users\\liron\\Desktop\\full stack project\\Full-Stack-Project\\dist\\common\\auth_middleware.js","statementMap":{"0":{"start":{"line":2,"column":16},"end":{"line":10,"column":1}},"1":{"start":{"line":3,"column":28},"end":{"line":3,"column":110}},"2":{"start":{"line":3,"column":91},"end":{"line":3,"column":106}},"3":{"start":{"line":4,"column":4},"end":{"line":9,"column":7}},"4":{"start":{"line":5,"column":36},"end":{"line":5,"column":97}},"5":{"start":{"line":5,"column":42},"end":{"line":5,"column":70}},"6":{"start":{"line":5,"column":85},"end":{"line":5,"column":95}},"7":{"start":{"line":6,"column":35},"end":{"line":6,"column":100}},"8":{"start":{"line":6,"column":41},"end":{"line":6,"column":73}},"9":{"start":{"line":6,"column":88},"end":{"line":6,"column":98}},"10":{"start":{"line":7,"column":32},"end":{"line":7,"column":116}},"11":{"start":{"line":8,"column":8},"end":{"line":8,"column":78}},"12":{"start":{"line":11,"column":22},"end":{"line":13,"column":1}},"13":{"start":{"line":12,"column":4},"end":{"line":12,"column":62}},"14":{"start":{"line":14,"column":23},"end":{"line":14,"column":63}},"15":{"start":{"line":15,"column":28},"end":{"line":15,"column":56}},"16":{"start":{"line":16,"column":23},"end":{"line":29,"column":2}},"17":{"start":{"line":16,"column":48},"end":{"line":29,"column":2}},"18":{"start":{"line":17,"column":16},"end":{"line":17,"column":44}},"19":{"start":{"line":18,"column":4},"end":{"line":20,"column":5}},"20":{"start":{"line":19,"column":8},"end":{"line":19,"column":78}},"21":{"start":{"line":21,"column":4},"end":{"line":21,"column":32}},"22":{"start":{"line":22,"column":4},"end":{"line":28,"column":7}},"23":{"start":{"line":23,"column":8},"end":{"line":25,"column":9}},"24":{"start":{"line":24,"column":12},"end":{"line":24,"column":82}},"25":{"start":{"line":26,"column":8},"end":{"line":26,"column":30}},"26":{"start":{"line":27,"column":8},"end":{"line":27,"column":15}},"27":{"start":{"line":30,"column":0},"end":{"line":30,"column":32}}},"fnMap":{"0":{"name":"(anonymous_0)","decl":{"start":{"line":2,"column":44},"end":{"line":2,"column":45}},"loc":{"start":{"line":2,"column":89},"end":{"line":10,"column":1}},"line":2},"1":{"name":"adopt","decl":{"start":{"line":3,"column":13},"end":{"line":3,"column":18}},"loc":{"start":{"line":3,"column":26},"end":{"line":3,"column":112}},"line":3},"2":{"name":"(anonymous_2)","decl":{"start":{"line":3,"column":70},"end":{"line":3,"column":71}},"loc":{"start":{"line":3,"column":89},"end":{"line":3,"column":108}},"line":3},"3":{"name":"(anonymous_3)","decl":{"start":{"line":4,"column":36},"end":{"line":4,"column":37}},"loc":{"start":{"line":4,"column":63},"end":{"line":9,"column":5}},"line":4},"4":{"name":"fulfilled","decl":{"start":{"line":5,"column":17},"end":{"line":5,"column":26}},"loc":{"start":{"line":5,"column":34},"end":{"line":5,"column":99}},"line":5},"5":{"name":"rejected","decl":{"start":{"line":6,"column":17},"end":{"line":6,"column":25}},"loc":{"start":{"line":6,"column":33},"end":{"line":6,"column":102}},"line":6},"6":{"name":"step","decl":{"start":{"line":7,"column":17},"end":{"line":7,"column":21}},"loc":{"start":{"line":7,"column":30},"end":{"line":7,"column":118}},"line":7},"7":{"name":"(anonymous_7)","decl":{"start":{"line":11,"column":56},"end":{"line":11,"column":57}},"loc":{"start":{"line":11,"column":71},"end":{"line":13,"column":1}},"line":11},"8":{"name":"(anonymous_8)","decl":{"start":{"line":16,"column":23},"end":{"line":16,"column":24}},"loc":{"start":{"line":16,"column":48},"end":{"line":29,"column":2}},"line":16},"9":{"name":"(anonymous_9)","decl":{"start":{"line":16,"column":82},"end":{"line":16,"column":83}},"loc":{"start":{"line":16,"column":95},"end":{"line":29,"column":1}},"line":16},"10":{"name":"(anonymous_10)","decl":{"start":{"line":22,"column":74},"end":{"line":22,"column":75}},"loc":{"start":{"line":22,"column":91},"end":{"line":28,"column":5}},"line":22}},"branchMap":{"0":{"loc":{"start":{"line":2,"column":16},"end":{"line":10,"column":1}},"type":"binary-expr","locations":[{"start":{"line":2,"column":17},"end":{"line":2,"column":21}},{"start":{"line":2,"column":25},"end":{"line":2,"column":39}},{"start":{"line":2,"column":44},"end":{"line":10,"column":1}}],"line":2},"1":{"loc":{"start":{"line":3,"column":35},"end":{"line":3,"column":109}},"type":"cond-expr","locations":[{"start":{"line":3,"column":56},"end":{"line":3,"column":61}},{"start":{"line":3,"column":64},"end":{"line":3,"column":109}}],"line":3},"2":{"loc":{"start":{"line":4,"column":16},"end":{"line":4,"column":34}},"type":"binary-expr","locations":[{"start":{"line":4,"column":16},"end":{"line":4,"column":17}},{"start":{"line":4,"column":22},"end":{"line":4,"column":33}}],"line":4},"3":{"loc":{"start":{"line":7,"column":32},"end":{"line":7,"column":115}},"type":"cond-expr","locations":[{"start":{"line":7,"column":46},"end":{"line":7,"column":67}},{"start":{"line":7,"column":70},"end":{"line":7,"column":115}}],"line":7},"4":{"loc":{"start":{"line":8,"column":51},"end":{"line":8,"column":67}},"type":"binary-expr","locations":[{"start":{"line":8,"column":51},"end":{"line":8,"column":61}},{"start":{"line":8,"column":65},"end":{"line":8,"column":67}}],"line":8},"5":{"loc":{"start":{"line":11,"column":22},"end":{"line":13,"column":1}},"type":"binary-expr","locations":[{"start":{"line":11,"column":23},"end":{"line":11,"column":27}},{"start":{"line":11,"column":31},"end":{"line":11,"column":51}},{"start":{"line":11,"column":56},"end":{"line":13,"column":1}}],"line":11},"6":{"loc":{"start":{"line":12,"column":11},"end":{"line":12,"column":61}},"type":"cond-expr","locations":[{"start":{"line":12,"column":37},"end":{"line":12,"column":40}},{"start":{"line":12,"column":43},"end":{"line":12,"column":61}}],"line":12},"7":{"loc":{"start":{"line":12,"column":12},"end":{"line":12,"column":33}},"type":"binary-expr","locations":[{"start":{"line":12,"column":12},"end":{"line":12,"column":15}},{"start":{"line":12,"column":19},"end":{"line":12,"column":33}}],"line":12},"8":{"loc":{"start":{"line":18,"column":4},"end":{"line":20,"column":5}},"type":"if","locations":[{"start":{"line":18,"column":4},"end":{"line":20,"column":5}},{"start":{},"end":{}}],"line":18},"9":{"loc":{"start":{"line":18,"column":8},"end":{"line":18,"column":43}},"type":"binary-expr","locations":[{"start":{"line":18,"column":8},"end":{"line":18,"column":26}},{"start":{"line":18,"column":30},"end":{"line":18,"column":43}}],"line":18},"10":{"loc":{"start":{"line":23,"column":8},"end":{"line":25,"column":9}},"type":"if","locations":[{"start":{"line":23,"column":8},"end":{"line":25,"column":9}},{"start":{},"end":{}}],"line":23}},"s":{"0":2,"1":0,"2":0,"3":2,"4":0,"5":0,"6":0,"7":0,"8":0,"9":0,"10":2,"11":2,"12":2,"13":2,"14":2,"15":2,"16":2,"17":2,"18":2,"19":2,"20":0,"21":2,"22":2,"23":2,"24":0,"25":2,"26":2,"27":2},"f":{"0":2,"1":0,"2":0,"3":2,"4":0,"5":0,"6":2,"7":2,"8":2,"9":2,"10":2},"b":{"0":[2,2,2],"1":[0,0],"2":[2,2],"3":[2,0],"4":[2,2],"5":[2,2,2],"6":[0,2],"7":[2,2],"8":[0,2],"9":[2,2],"10":[0,2]},"inputSourceMap":null,"_coverageSchema":"1a1c01bbd47fc00a2c39e90264f33305004495a9","hash":"1b9d5b7264f1b40260a184092146e41c187eba17"}
,"C:\\Users\\liron\\Desktop\\full stack project\\Full-Stack-Project\\dist\\controllers\\auth.js": {"path":"C:\\Users\\liron\\Desktop\\full stack project\\Full-Stack-Project\\dist\\controllers\\auth.js","statementMap":{"0":{"start":{"line":2,"column":16},"end":{"line":10,"column":1}},"1":{"start":{"line":3,"column":28},"end":{"line":3,"column":110}},"2":{"start":{"line":3,"column":91},"end":{"line":3,"column":106}},"3":{"start":{"line":4,"column":4},"end":{"line":9,"column":7}},"4":{"start":{"line":5,"column":36},"end":{"line":5,"column":97}},"5":{"start":{"line":5,"column":42},"end":{"line":5,"column":70}},"6":{"start":{"line":5,"column":85},"end":{"line":5,"column":95}},"7":{"start":{"line":6,"column":35},"end":{"line":6,"column":100}},"8":{"start":{"line":6,"column":41},"end":{"line":6,"column":73}},"9":{"start":{"line":6,"column":88},"end":{"line":6,"column":98}},"10":{"start":{"line":7,"column":32},"end":{"line":7,"column":116}},"11":{"start":{"line":8,"column":8},"end":{"line":8,"column":78}},"12":{"start":{"line":11,"column":22},"end":{"line":13,"column":1}},"13":{"start":{"line":12,"column":4},"end":{"line":12,"column":62}},"14":{"start":{"line":14,"column":21},"end":{"line":14,"column":69}},"15":{"start":{"line":15,"column":28},"end":{"line":15,"column":56}},"16":{"start":{"line":16,"column":17},"end":{"line":16,"column":51}},"17":{"start":{"line":17,"column":23},"end":{"line":17,"column":63}},"18":{"start":{"line":23,"column":17},"end":{"line":59,"column":2}},"19":{"start":{"line":23,"column":31},"end":{"line":59,"column":2}},"20":{"start":{"line":24,"column":4},"end":{"line":24,"column":28}},"21":{"start":{"line":26,"column":18},"end":{"line":26,"column":32}},"22":{"start":{"line":27,"column":21},"end":{"line":27,"column":38}},"23":{"start":{"line":28,"column":4},"end":{"line":33,"column":5}},"24":{"start":{"line":32,"column":8},"end":{"line":32,"column":64}},"25":{"start":{"line":35,"column":17},"end":{"line":35,"column":51}},"26":{"start":{"line":36,"column":30},"end":{"line":36,"column":73}},"27":{"start":{"line":39,"column":17},"end":{"line":42,"column":6}},"28":{"start":{"line":43,"column":4},"end":{"line":58,"column":5}},"29":{"start":{"line":44,"column":24},"end":{"line":44,"column":41}},"30":{"start":{"line":46,"column":28},"end":{"line":46,"column":161}},"31":{"start":{"line":47,"column":29},"end":{"line":47,"column":122}},"32":{"start":{"line":48,"column":8},"end":{"line":48,"column":44}},"33":{"start":{"line":49,"column":8},"end":{"line":49,"column":29}},"34":{"start":{"line":50,"column":8},"end":{"line":54,"column":11}},"35":{"start":{"line":57,"column":8},"end":{"line":57,"column":100}},"36":{"start":{"line":65,"column":14},"end":{"line":102,"column":2}},"37":{"start":{"line":65,"column":28},"end":{"line":102,"column":2}},"38":{"start":{"line":66,"column":4},"end":{"line":66,"column":25}},"39":{"start":{"line":67,"column":18},"end":{"line":67,"column":32}},"40":{"start":{"line":68,"column":21},"end":{"line":68,"column":38}},"41":{"start":{"line":69,"column":4},"end":{"line":73,"column":5}},"42":{"start":{"line":70,"column":8},"end":{"line":72,"column":56}},"43":{"start":{"line":74,"column":4},"end":{"line":101,"column":5}},"44":{"start":{"line":76,"column":21},"end":{"line":76,"column":73}},"45":{"start":{"line":77,"column":8},"end":{"line":81,"column":9}},"46":{"start":{"line":78,"column":12},"end":{"line":80,"column":60}},"47":{"start":{"line":82,"column":22},"end":{"line":82,"column":77}},"48":{"start":{"line":83,"column":8},"end":{"line":87,"column":9}},"49":{"start":{"line":84,"column":12},"end":{"line":86,"column":60}},"50":{"start":{"line":89,"column":28},"end":{"line":89,"column":158}},"51":{"start":{"line":90,"column":29},"end":{"line":90,"column":119}},"52":{"start":{"line":91,"column":8},"end":{"line":91,"column":41}},"53":{"start":{"line":92,"column":8},"end":{"line":92,"column":26}},"54":{"start":{"line":93,"column":8},"end":{"line":97,"column":11}},"55":{"start":{"line":100,"column":8},"end":{"line":100,"column":100}},"56":{"start":{"line":109,"column":19},"end":{"line":143,"column":2}},"57":{"start":{"line":109,"column":33},"end":{"line":143,"column":2}},"58":{"start":{"line":110,"column":4},"end":{"line":110,"column":30}},"59":{"start":{"line":112,"column":16},"end":{"line":112,"column":44}},"60":{"start":{"line":113,"column":4},"end":{"line":115,"column":5}},"61":{"start":{"line":114,"column":8},"end":{"line":114,"column":73}},"62":{"start":{"line":116,"column":4},"end":{"line":116,"column":32}},"63":{"start":{"line":117,"column":4},"end":{"line":142,"column":8}},"64":{"start":{"line":117,"column":92},"end":{"line":142,"column":6}},"65":{"start":{"line":118,"column":8},"end":{"line":120,"column":9}},"66":{"start":{"line":119,"column":12},"end":{"line":119,"column":77}},"67":{"start":{"line":121,"column":8},"end":{"line":121,"column":30}},"68":{"start":{"line":122,"column":8},"end":{"line":141,"column":9}},"69":{"start":{"line":123,"column":25},"end":{"line":123,"column":68}},"70":{"start":{"line":124,"column":12},"end":{"line":128,"column":13}},"71":{"start":{"line":125,"column":16},"end":{"line":125,"column":39}},"72":{"start":{"line":126,"column":16},"end":{"line":126,"column":34}},"73":{"start":{"line":127,"column":16},"end":{"line":127,"column":106}},"74":{"start":{"line":129,"column":32},"end":{"line":129,"column":160}},"75":{"start":{"line":130,"column":33},"end":{"line":130,"column":121}},"76":{"start":{"line":131,"column":12},"end":{"line":131,"column":45}},"77":{"start":{"line":132,"column":12},"end":{"line":132,"column":30}},"78":{"start":{"line":133,"column":12},"end":{"line":137,"column":15}},"79":{"start":{"line":140,"column":12},"end":{"line":140,"column":102}},"80":{"start":{"line":149,"column":13},"end":{"line":151,"column":2}},"81":{"start":{"line":149,"column":27},"end":{"line":151,"column":2}},"82":{"start":{"line":150,"column":4},"end":{"line":150,"column":60}},"83":{"start":{"line":152,"column":0},"end":{"line":157,"column":2}}},"fnMap":{"0":{"name":"(anonymous_0)","decl":{"start":{"line":2,"column":44},"end":{"line":2,"column":45}},"loc":{"start":{"line":2,"column":89},"end":{"line":10,"column":1}},"line":2},"1":{"name":"adopt","decl":{"start":{"line":3,"column":13},"end":{"line":3,"column":18}},"loc":{"start":{"line":3,"column":26},"end":{"line":3,"column":112}},"line":3},"2":{"name":"(anonymous_2)","decl":{"start":{"line":3,"column":70},"end":{"line":3,"column":71}},"loc":{"start":{"line":3,"column":89},"end":{"line":3,"column":108}},"line":3},"3":{"name":"(anonymous_3)","decl":{"start":{"line":4,"column":36},"end":{"line":4,"column":37}},"loc":{"start":{"line":4,"column":63},"end":{"line":9,"column":5}},"line":4},"4":{"name":"fulfilled","decl":{"start":{"line":5,"column":17},"end":{"line":5,"column":26}},"loc":{"start":{"line":5,"column":34},"end":{"line":5,"column":99}},"line":5},"5":{"name":"rejected","decl":{"start":{"line":6,"column":17},"end":{"line":6,"column":25}},"loc":{"start":{"line":6,"column":33},"end":{"line":6,"column":102}},"line":6},"6":{"name":"step","decl":{"start":{"line":7,"column":17},"end":{"line":7,"column":21}},"loc":{"start":{"line":7,"column":30},"end":{"line":7,"column":118}},"line":7},"7":{"name":"(anonymous_7)","decl":{"start":{"line":11,"column":56},"end":{"line":11,"column":57}},"loc":{"start":{"line":11,"column":71},"end":{"line":13,"column":1}},"line":11},"8":{"name":"(anonymous_8)","decl":{"start":{"line":23,"column":17},"end":{"line":23,"column":18}},"loc":{"start":{"line":23,"column":31},"end":{"line":59,"column":2}},"line":23},"9":{"name":"(anonymous_9)","decl":{"start":{"line":23,"column":65},"end":{"line":23,"column":66}},"loc":{"start":{"line":23,"column":78},"end":{"line":59,"column":1}},"line":23},"10":{"name":"(anonymous_10)","decl":{"start":{"line":65,"column":14},"end":{"line":65,"column":15}},"loc":{"start":{"line":65,"column":28},"end":{"line":102,"column":2}},"line":65},"11":{"name":"(anonymous_11)","decl":{"start":{"line":65,"column":62},"end":{"line":65,"column":63}},"loc":{"start":{"line":65,"column":75},"end":{"line":102,"column":1}},"line":65},"12":{"name":"(anonymous_12)","decl":{"start":{"line":109,"column":19},"end":{"line":109,"column":20}},"loc":{"start":{"line":109,"column":33},"end":{"line":143,"column":2}},"line":109},"13":{"name":"(anonymous_13)","decl":{"start":{"line":109,"column":67},"end":{"line":109,"column":68}},"loc":{"start":{"line":109,"column":80},"end":{"line":143,"column":1}},"line":109},"14":{"name":"(anonymous_14)","decl":{"start":{"line":117,"column":75},"end":{"line":117,"column":76}},"loc":{"start":{"line":117,"column":92},"end":{"line":142,"column":6}},"line":117},"15":{"name":"(anonymous_15)","decl":{"start":{"line":117,"column":126},"end":{"line":117,"column":127}},"loc":{"start":{"line":117,"column":139},"end":{"line":142,"column":5}},"line":117},"16":{"name":"(anonymous_16)","decl":{"start":{"line":149,"column":13},"end":{"line":149,"column":14}},"loc":{"start":{"line":149,"column":27},"end":{"line":151,"column":2}},"line":149},"17":{"name":"(anonymous_17)","decl":{"start":{"line":149,"column":61},"end":{"line":149,"column":62}},"loc":{"start":{"line":149,"column":74},"end":{"line":151,"column":1}},"line":149}},"branchMap":{"0":{"loc":{"start":{"line":2,"column":16},"end":{"line":10,"column":1}},"type":"binary-expr","locations":[{"start":{"line":2,"column":17},"end":{"line":2,"column":21}},{"start":{"line":2,"column":25},"end":{"line":2,"column":39}},{"start":{"line":2,"column":44},"end":{"line":10,"column":1}}],"line":2},"1":{"loc":{"start":{"line":3,"column":35},"end":{"line":3,"column":109}},"type":"cond-expr","locations":[{"start":{"line":3,"column":56},"end":{"line":3,"column":61}},{"start":{"line":3,"column":64},"end":{"line":3,"column":109}}],"line":3},"2":{"loc":{"start":{"line":4,"column":16},"end":{"line":4,"column":34}},"type":"binary-expr","locations":[{"start":{"line":4,"column":16},"end":{"line":4,"column":17}},{"start":{"line":4,"column":22},"end":{"line":4,"column":33}}],"line":4},"3":{"loc":{"start":{"line":7,"column":32},"end":{"line":7,"column":115}},"type":"cond-expr","locations":[{"start":{"line":7,"column":46},"end":{"line":7,"column":67}},{"start":{"line":7,"column":70},"end":{"line":7,"column":115}}],"line":7},"4":{"loc":{"start":{"line":8,"column":51},"end":{"line":8,"column":67}},"type":"binary-expr","locations":[{"start":{"line":8,"column":51},"end":{"line":8,"column":61}},{"start":{"line":8,"column":65},"end":{"line":8,"column":67}}],"line":8},"5":{"loc":{"start":{"line":11,"column":22},"end":{"line":13,"column":1}},"type":"binary-expr","locations":[{"start":{"line":11,"column":23},"end":{"line":11,"column":27}},{"start":{"line":11,"column":31},"end":{"line":11,"column":51}},{"start":{"line":11,"column":56},"end":{"line":13,"column":1}}],"line":11},"6":{"loc":{"start":{"line":12,"column":11},"end":{"line":12,"column":61}},"type":"cond-expr","locations":[{"start":{"line":12,"column":37},"end":{"line":12,"column":40}},{"start":{"line":12,"column":43},"end":{"line":12,"column":61}}],"line":12},"7":{"loc":{"start":{"line":12,"column":12},"end":{"line":12,"column":33}},"type":"binary-expr","locations":[{"start":{"line":12,"column":12},"end":{"line":12,"column":15}},{"start":{"line":12,"column":19},"end":{"line":12,"column":33}}],"line":12},"8":{"loc":{"start":{"line":28,"column":4},"end":{"line":33,"column":5}},"type":"if","locations":[{"start":{"line":28,"column":4},"end":{"line":33,"column":5}},{"start":{},"end":{}}],"line":28},"9":{"loc":{"start":{"line":28,"column":8},"end":{"line":31,"column":29}},"type":"binary-expr","locations":[{"start":{"line":28,"column":8},"end":{"line":28,"column":21}},{"start":{"line":29,"column":8},"end":{"line":29,"column":26}},{"start":{"line":30,"column":8},"end":{"line":30,"column":24}},{"start":{"line":31,"column":8},"end":{"line":31,"column":29}}],"line":28},"10":{"loc":{"start":{"line":69,"column":4},"end":{"line":73,"column":5}},"type":"if","locations":[{"start":{"line":69,"column":4},"end":{"line":73,"column":5}},{"start":{},"end":{}}],"line":69},"11":{"loc":{"start":{"line":69,"column":8},"end":{"line":69,"column":41}},"type":"binary-expr","locations":[{"start":{"line":69,"column":8},"end":{"line":69,"column":21}},{"start":{"line":69,"column":25},"end":{"line":69,"column":41}}],"line":69},"12":{"loc":{"start":{"line":77,"column":8},"end":{"line":81,"column":9}},"type":"if","locations":[{"start":{"line":77,"column":8},"end":{"line":81,"column":9}},{"start":{},"end":{}}],"line":77},"13":{"loc":{"start":{"line":83,"column":8},"end":{"line":87,"column":9}},"type":"if","locations":[{"start":{"line":83,"column":8},"end":{"line":87,"column":9}},{"start":{},"end":{}}],"line":83},"14":{"loc":{"start":{"line":113,"column":4},"end":{"line":115,"column":5}},"type":"if","locations":[{"start":{"line":113,"column":4},"end":{"line":115,"column":5}},{"start":{},"end":{}}],"line":113},"15":{"loc":{"start":{"line":113,"column":8},"end":{"line":113,"column":43}},"type":"binary-expr","locations":[{"start":{"line":113,"column":8},"end":{"line":113,"column":26}},{"start":{"line":113,"column":30},"end":{"line":113,"column":43}}],"line":113},"16":{"loc":{"start":{"line":118,"column":8},"end":{"line":120,"column":9}},"type":"if","locations":[{"start":{"line":118,"column":8},"end":{"line":120,"column":9}},{"start":{},"end":{}}],"line":118},"17":{"loc":{"start":{"line":124,"column":12},"end":{"line":128,"column":13}},"type":"if","locations":[{"start":{"line":124,"column":12},"end":{"line":128,"column":13}},{"start":{},"end":{}}],"line":124}},"s":{"0":2,"1":23,"2":9,"3":8,"4":22,"5":22,"6":0,"7":1,"8":1,"9":0,"10":31,"11":8,"12":2,"13":6,"14":2,"15":2,"16":2,"17":2,"18":2,"19":3,"20":3,"21":3,"22":3,"23":3,"24":0,"25":3,"26":3,"27":3,"28":3,"29":3,"30":2,"31":2,"32":2,"33":2,"34":2,"35":1,"36":2,"37":3,"38":3,"39":3,"40":3,"41":3,"42":0,"43":3,"44":3,"45":3,"46":1,"47":2,"48":2,"49":1,"50":1,"51":1,"52":1,"53":1,"54":1,"55":0,"56":2,"57":1,"58":1,"59":1,"60":1,"61":0,"62":1,"63":1,"64":1,"65":1,"66":1,"67":0,"68":0,"69":0,"70":0,"71":0,"72":0,"73":0,"74":0,"75":0,"76":0,"77":0,"78":0,"79":0,"80":2,"81":0,"82":0,"83":2},"f":{"0":8,"1":23,"2":9,"3":8,"4":22,"5":1,"6":31,"7":6,"8":3,"9":3,"10":3,"11":3,"12":1,"13":1,"14":1,"15":1,"16":0,"17":0},"b":{"0":[2,2,2],"1":[14,9],"2":[8,8],"3":[8,23],"4":[8,8],"5":[2,2,2],"6":[0,6],"7":[6,6],"8":[0,3],"9":[3,3,3,3],"10":[0,3],"11":[3,3],"12":[1,2],"13":[1,1],"14":[0,1],"15":[1,1],"16":[1,0],"17":[0,0]},"inputSourceMap":null,"_coverageSchema":"1a1c01bbd47fc00a2c39e90264f33305004495a9","hash":"26002c1d417e1ca2232c9a435e0879f12fd33487"}
,"C:\\Users\\liron\\Desktop\\full stack project\\Full-Stack-Project\\dist\\controllers\\post.js": {"path":"C:\\Users\\liron\\Desktop\\full stack project\\Full-Stack-Project\\dist\\controllers\\post.js","statementMap":{"0":{"start":{"line":2,"column":16},"end":{"line":10,"column":1}},"1":{"start":{"line":3,"column":28},"end":{"line":3,"column":110}},"2":{"start":{"line":3,"column":91},"end":{"line":3,"column":106}},"3":{"start":{"line":4,"column":4},"end":{"line":9,"column":7}},"4":{"start":{"line":5,"column":36},"end":{"line":5,"column":97}},"5":{"start":{"line":5,"column":42},"end":{"line":5,"column":70}},"6":{"start":{"line":5,"column":85},"end":{"line":5,"column":95}},"7":{"start":{"line":6,"column":35},"end":{"line":6,"column":100}},"8":{"start":{"line":6,"column":41},"end":{"line":6,"column":73}},"9":{"start":{"line":6,"column":88},"end":{"line":6,"column":98}},"10":{"start":{"line":7,"column":32},"end":{"line":7,"column":116}},"11":{"start":{"line":8,"column":8},"end":{"line":8,"column":78}},"12":{"start":{"line":11,"column":22},"end":{"line":13,"column":1}},"13":{"start":{"line":12,"column":4},"end":{"line":12,"column":62}},"14":{"start":{"line":14,"column":21},"end":{"line":14,"column":69}},"15":{"start":{"line":20,"column":20},"end":{"line":38,"column":2}},"16":{"start":{"line":20,"column":34},"end":{"line":38,"column":2}},"17":{"start":{"line":21,"column":4},"end":{"line":21,"column":31}},"18":{"start":{"line":22,"column":4},"end":{"line":37,"column":5}},"19":{"start":{"line":23,"column":23},"end":{"line":23,"column":39}},"20":{"start":{"line":25,"column":8},"end":{"line":30,"column":9}},"21":{"start":{"line":26,"column":12},"end":{"line":26,"column":74}},"22":{"start":{"line":29,"column":12},"end":{"line":29,"column":54}},"23":{"start":{"line":31,"column":8},"end":{"line":31,"column":36}},"24":{"start":{"line":34,"column":8},"end":{"line":36,"column":11}},"25":{"start":{"line":39,"column":20},"end":{"line":61,"column":2}},"26":{"start":{"line":39,"column":34},"end":{"line":61,"column":2}},"27":{"start":{"line":40,"column":4},"end":{"line":40,"column":51}},"28":{"start":{"line":41,"column":15},"end":{"line":41,"column":28}},"29":{"start":{"line":42,"column":4},"end":{"line":44,"column":5}},"30":{"start":{"line":43,"column":8},"end":{"line":43,"column":65}},"31":{"start":{"line":45,"column":4},"end":{"line":60,"column":5}},"32":{"start":{"line":46,"column":21},"end":{"line":46,"column":60}},"33":{"start":{"line":47,"column":8},"end":{"line":54,"column":9}},"34":{"start":{"line":48,"column":12},"end":{"line":50,"column":15}},"35":{"start":{"line":53,"column":12},"end":{"line":53,"column":39}},"36":{"start":{"line":57,"column":8},"end":{"line":59,"column":11}},"37":{"start":{"line":67,"column":22},"end":{"line":82,"column":2}},"38":{"start":{"line":67,"column":36},"end":{"line":82,"column":2}},"39":{"start":{"line":68,"column":4},"end":{"line":68,"column":26}},"40":{"start":{"line":69,"column":17},"end":{"line":72,"column":6}},"41":{"start":{"line":73,"column":4},"end":{"line":81,"column":5}},"42":{"start":{"line":74,"column":24},"end":{"line":74,"column":41}},"43":{"start":{"line":75,"column":8},"end":{"line":75,"column":38}},"44":{"start":{"line":78,"column":8},"end":{"line":80,"column":11}},"45":{"start":{"line":83,"column":23},"end":{"line":98,"column":2}},"46":{"start":{"line":83,"column":37},"end":{"line":98,"column":2}},"47":{"start":{"line":84,"column":4},"end":{"line":84,"column":54}},"48":{"start":{"line":85,"column":15},"end":{"line":85,"column":28}},"49":{"start":{"line":86,"column":4},"end":{"line":88,"column":5}},"50":{"start":{"line":87,"column":8},"end":{"line":87,"column":65}},"51":{"start":{"line":89,"column":4},"end":{"line":97,"column":5}},"52":{"start":{"line":90,"column":8},"end":{"line":90,"column":60}},"53":{"start":{"line":91,"column":8},"end":{"line":91,"column":31}},"54":{"start":{"line":94,"column":8},"end":{"line":96,"column":11}},"55":{"start":{"line":99,"column":0},"end":{"line":104,"column":2}}},"fnMap":{"0":{"name":"(anonymous_0)","decl":{"start":{"line":2,"column":44},"end":{"line":2,"column":45}},"loc":{"start":{"line":2,"column":89},"end":{"line":10,"column":1}},"line":2},"1":{"name":"adopt","decl":{"start":{"line":3,"column":13},"end":{"line":3,"column":18}},"loc":{"start":{"line":3,"column":26},"end":{"line":3,"column":112}},"line":3},"2":{"name":"(anonymous_2)","decl":{"start":{"line":3,"column":70},"end":{"line":3,"column":71}},"loc":{"start":{"line":3,"column":89},"end":{"line":3,"column":108}},"line":3},"3":{"name":"(anonymous_3)","decl":{"start":{"line":4,"column":36},"end":{"line":4,"column":37}},"loc":{"start":{"line":4,"column":63},"end":{"line":9,"column":5}},"line":4},"4":{"name":"fulfilled","decl":{"start":{"line":5,"column":17},"end":{"line":5,"column":26}},"loc":{"start":{"line":5,"column":34},"end":{"line":5,"column":99}},"line":5},"5":{"name":"rejected","decl":{"start":{"line":6,"column":17},"end":{"line":6,"column":25}},"loc":{"start":{"line":6,"column":33},"end":{"line":6,"column":102}},"line":6},"6":{"name":"step","decl":{"start":{"line":7,"column":17},"end":{"line":7,"column":21}},"loc":{"start":{"line":7,"column":30},"end":{"line":7,"column":118}},"line":7},"7":{"name":"(anonymous_7)","decl":{"start":{"line":11,"column":56},"end":{"line":11,"column":57}},"loc":{"start":{"line":11,"column":71},"end":{"line":13,"column":1}},"line":11},"8":{"name":"(anonymous_8)","decl":{"start":{"line":20,"column":20},"end":{"line":20,"column":21}},"loc":{"start":{"line":20,"column":34},"end":{"line":38,"column":2}},"line":20},"9":{"name":"(anonymous_9)","decl":{"start":{"line":20,"column":68},"end":{"line":20,"column":69}},"loc":{"start":{"line":20,"column":81},"end":{"line":38,"column":1}},"line":20},"10":{"name":"(anonymous_10)","decl":{"start":{"line":39,"column":20},"end":{"line":39,"column":21}},"loc":{"start":{"line":39,"column":34},"end":{"line":61,"column":2}},"line":39},"11":{"name":"(anonymous_11)","decl":{"start":{"line":39,"column":68},"end":{"line":39,"column":69}},"loc":{"start":{"line":39,"column":81},"end":{"line":61,"column":1}},"line":39},"12":{"name":"(anonymous_12)","decl":{"start":{"line":67,"column":22},"end":{"line":67,"column":23}},"loc":{"start":{"line":67,"column":36},"end":{"line":82,"column":2}},"line":67},"13":{"name":"(anonymous_13)","decl":{"start":{"line":67,"column":70},"end":{"line":67,"column":71}},"loc":{"start":{"line":67,"column":83},"end":{"line":82,"column":1}},"line":67},"14":{"name":"(anonymous_14)","decl":{"start":{"line":83,"column":23},"end":{"line":83,"column":24}},"loc":{"start":{"line":83,"column":37},"end":{"line":98,"column":2}},"line":83},"15":{"name":"(anonymous_15)","decl":{"start":{"line":83,"column":71},"end":{"line":83,"column":72}},"loc":{"start":{"line":83,"column":84},"end":{"line":98,"column":1}},"line":83}},"branchMap":{"0":{"loc":{"start":{"line":2,"column":16},"end":{"line":10,"column":1}},"type":"binary-expr","locations":[{"start":{"line":2,"column":17},"end":{"line":2,"column":21}},{"start":{"line":2,"column":25},"end":{"line":2,"column":39}},{"start":{"line":2,"column":44},"end":{"line":10,"column":1}}],"line":2},"1":{"loc":{"start":{"line":3,"column":35},"end":{"line":3,"column":109}},"type":"cond-expr","locations":[{"start":{"line":3,"column":56},"end":{"line":3,"column":61}},{"start":{"line":3,"column":64},"end":{"line":3,"column":109}}],"line":3},"2":{"loc":{"start":{"line":4,"column":16},"end":{"line":4,"column":34}},"type":"binary-expr","locations":[{"start":{"line":4,"column":16},"end":{"line":4,"column":17}},{"start":{"line":4,"column":22},"end":{"line":4,"column":33}}],"line":4},"3":{"loc":{"start":{"line":7,"column":32},"end":{"line":7,"column":115}},"type":"cond-expr","locations":[{"start":{"line":7,"column":46},"end":{"line":7,"column":67}},{"start":{"line":7,"column":70},"end":{"line":7,"column":115}}],"line":7},"4":{"loc":{"start":{"line":8,"column":51},"end":{"line":8,"column":67}},"type":"binary-expr","locations":[{"start":{"line":8,"column":51},"end":{"line":8,"column":61}},{"start":{"line":8,"column":65},"end":{"line":8,"column":67}}],"line":8},"5":{"loc":{"start":{"line":11,"column":22},"end":{"line":13,"column":1}},"type":"binary-expr","locations":[{"start":{"line":11,"column":23},"end":{"line":11,"column":27}},{"start":{"line":11,"column":31},"end":{"line":11,"column":51}},{"start":{"line":11,"column":56},"end":{"line":13,"column":1}}],"line":11},"6":{"loc":{"start":{"line":12,"column":11},"end":{"line":12,"column":61}},"type":"cond-expr","locations":[{"start":{"line":12,"column":37},"end":{"line":12,"column":40}},{"start":{"line":12,"column":43},"end":{"line":12,"column":61}}],"line":12},"7":{"loc":{"start":{"line":12,"column":12},"end":{"line":12,"column":33}},"type":"binary-expr","locations":[{"start":{"line":12,"column":12},"end":{"line":12,"column":15}},{"start":{"line":12,"column":19},"end":{"line":12,"column":33}}],"line":12},"8":{"loc":{"start":{"line":25,"column":8},"end":{"line":30,"column":9}},"type":"if","locations":[{"start":{"line":25,"column":8},"end":{"line":30,"column":9}},{"start":{"line":28,"column":13},"end":{"line":30,"column":9}}],"line":25},"9":{"loc":{"start":{"line":25,"column":12},"end":{"line":25,"column":49}},"type":"binary-expr","locations":[{"start":{"line":25,"column":12},"end":{"line":25,"column":26}},{"start":{"line":25,"column":30},"end":{"line":25,"column":49}}],"line":25},"10":{"loc":{"start":{"line":42,"column":4},"end":{"line":44,"column":5}},"type":"if","locations":[{"start":{"line":42,"column":4},"end":{"line":44,"column":5}},{"start":{},"end":{}}],"line":42},"11":{"loc":{"start":{"line":42,"column":8},"end":{"line":42,"column":37}},"type":"binary-expr","locations":[{"start":{"line":42,"column":8},"end":{"line":42,"column":18}},{"start":{"line":42,"column":22},"end":{"line":42,"column":37}}],"line":42},"12":{"loc":{"start":{"line":47,"column":8},"end":{"line":54,"column":9}},"type":"if","locations":[{"start":{"line":47,"column":8},"end":{"line":54,"column":9}},{"start":{"line":52,"column":13},"end":{"line":54,"column":9}}],"line":47},"13":{"loc":{"start":{"line":86,"column":4},"end":{"line":88,"column":5}},"type":"if","locations":[{"start":{"line":86,"column":4},"end":{"line":88,"column":5}},{"start":{},"end":{}}],"line":86},"14":{"loc":{"start":{"line":86,"column":8},"end":{"line":86,"column":37}},"type":"binary-expr","locations":[{"start":{"line":86,"column":8},"end":{"line":86,"column":18}},{"start":{"line":86,"column":22},"end":{"line":86,"column":37}}],"line":86}},"s":{"0":2,"1":6,"2":5,"3":6,"4":6,"5":6,"6":0,"7":0,"8":0,"9":0,"10":12,"11":6,"12":2,"13":2,"14":2,"15":2,"16":2,"17":2,"18":2,"19":2,"20":2,"21":1,"22":1,"23":2,"24":0,"25":2,"26":2,"27":2,"28":2,"29":2,"30":0,"31":2,"32":2,"33":2,"34":1,"35":1,"36":0,"37":2,"38":1,"39":1,"40":1,"41":1,"42":1,"43":1,"44":0,"45":2,"46":1,"47":1,"48":1,"49":1,"50":0,"51":1,"52":1,"53":1,"54":0,"55":2},"f":{"0":6,"1":6,"2":5,"3":6,"4":6,"5":0,"6":12,"7":2,"8":2,"9":2,"10":2,"11":2,"12":1,"13":1,"14":1,"15":1},"b":{"0":[2,2,2],"1":[1,5],"2":[6,6],"3":[6,6],"4":[6,6],"5":[2,2,2],"6":[0,2],"7":[2,2],"8":[1,1],"9":[2,1],"10":[0,2],"11":[2,2],"12":[1,1],"13":[0,1],"14":[1,1]},"inputSourceMap":null,"_coverageSchema":"1a1c01bbd47fc00a2c39e90264f33305004495a9","hash":"e6cc45de617d0734eafcf704bf479fe082fa6731"}
,"C:\\Users\\liron\\Desktop\\full stack project\\Full-Stack-Project\\dist\\models\\post_model.js": {"path":"C:\\Users\\liron\\Desktop\\full stack project\\Full-Stack-Project\\dist\\models\\post_model.js","statementMap":{"0":{"start":{"line":2,"column":22},"end":{"line":4,"column":1}},"1":{"start":{"line":3,"column":4},"end":{"line":3,"column":62}},"2":{"start":{"line":5,"column":19},"end":{"line":5,"column":55}},"3":{"start":{"line":6,"column":19},"end":{"line":15,"column":2}},"4":{"start":{"line":16,"column":0},"end":{"line":16,"column":62}}},"fnMap":{"0":{"name":"(anonymous_0)","decl":{"start":{"line":2,"column":56},"end":{"line":2,"column":57}},"loc":{"start":{"line":2,"column":71},"end":{"line":4,"column":1}},"line":2}},"branchMap":{"0":{"loc":{"start":{"line":2,"column":22},"end":{"line":4,"column":1}},"type":"binary-expr","locations":[{"start":{"line":2,"column":23},"end":{"line":2,"column":27}},{"start":{"line":2,"column":31},"end":{"line":2,"column":51}},{"start":{"line":2,"column":56},"end":{"line":4,"column":1}}],"line":2},"1":{"loc":{"start":{"line":3,"column":11},"end":{"line":3,"column":61}},"type":"cond-expr","locations":[{"start":{"line":3,"column":37},"end":{"line":3,"column":40}},{"start":{"line":3,"column":43},"end":{"line":3,"column":61}}],"line":3},"2":{"loc":{"start":{"line":3,"column":12},"end":{"line":3,"column":33}},"type":"binary-expr","locations":[{"start":{"line":3,"column":12},"end":{"line":3,"column":15}},{"start":{"line":3,"column":19},"end":{"line":3,"column":33}}],"line":3}},"s":{"0":2,"1":2,"2":2,"3":2,"4":2},"f":{"0":2},"b":{"0":[2,2,2],"1":[0,2],"2":[2,2]},"inputSourceMap":null,"_coverageSchema":"1a1c01bbd47fc00a2c39e90264f33305004495a9","hash":"e8954317465e541f288ef7cfe6c62e622509065d"}
,"C:\\Users\\liron\\Desktop\\full stack project\\Full-Stack-Project\\dist\\models\\user_model.js": {"path":"C:\\Users\\liron\\Desktop\\full stack project\\Full-Stack-Project\\dist\\models\\user_model.js","statementMap":{"0":{"start":{"line":2,"column":22},"end":{"line":4,"column":1}},"1":{"start":{"line":3,"column":4},"end":{"line":3,"column":62}},"2":{"start":{"line":5,"column":19},"end":{"line":5,"column":55}},"3":{"start":{"line":6,"column":19},"end":{"line":19,"column":2}},"4":{"start":{"line":20,"column":0},"end":{"line":20,"column":62}}},"fnMap":{"0":{"name":"(anonymous_0)","decl":{"start":{"line":2,"column":56},"end":{"line":2,"column":57}},"loc":{"start":{"line":2,"column":71},"end":{"line":4,"column":1}},"line":2}},"branchMap":{"0":{"loc":{"start":{"line":2,"column":22},"end":{"line":4,"column":1}},"type":"binary-expr","locations":[{"start":{"line":2,"column":23},"end":{"line":2,"column":27}},{"start":{"line":2,"column":31},"end":{"line":2,"column":51}},{"start":{"line":2,"column":56},"end":{"line":4,"column":1}}],"line":2},"1":{"loc":{"start":{"line":3,"column":11},"end":{"line":3,"column":61}},"type":"cond-expr","locations":[{"start":{"line":3,"column":37},"end":{"line":3,"column":40}},{"start":{"line":3,"column":43},"end":{"line":3,"column":61}}],"line":3},"2":{"loc":{"start":{"line":3,"column":12},"end":{"line":3,"column":33}},"type":"binary-expr","locations":[{"start":{"line":3,"column":12},"end":{"line":3,"column":15}},{"start":{"line":3,"column":19},"end":{"line":3,"column":33}}],"line":3}},"s":{"0":2,"1":2,"2":2,"3":2,"4":2},"f":{"0":2},"b":{"0":[2,2,2],"1":[0,2],"2":[2,2]},"inputSourceMap":null,"_coverageSchema":"1a1c01bbd47fc00a2c39e90264f33305004495a9","hash":"c4995a9b2dc9e54c3e4598af6fb0d0c352ff2a85"}
,"C:\\Users\\liron\\Desktop\\full stack project\\Full-Stack-Project\\dist\\routes\\auth_routes.js": {"path":"C:\\Users\\liron\\Desktop\\full stack project\\Full-Stack-Project\\dist\\routes\\auth_routes.js","statementMap":{"0":{"start":{"line":2,"column":22},"end":{"line":4,"column":1}},"1":{"start":{"line":3,"column":4},"end":{"line":3,"column":62}},"2":{"start":{"line":5,"column":18},"end":{"line":5,"column":53}},"3":{"start":{"line":6,"column":15},"end":{"line":6,"column":41}},"4":{"start":{"line":7,"column":15},"end":{"line":7,"column":62}},"5":{"start":{"line":8,"column":26},"end":{"line":8,"column":79}},"6":{"start":{"line":9,"column":0},"end":{"line":9,"column":50}},"7":{"start":{"line":10,"column":0},"end":{"line":10,"column":44}},"8":{"start":{"line":11,"column":0},"end":{"line":11,"column":51}},"9":{"start":{"line":12,"column":0},"end":{"line":12,"column":68}},"10":{"start":{"line":13,"column":0},"end":{"line":13,"column":24}}},"fnMap":{"0":{"name":"(anonymous_0)","decl":{"start":{"line":2,"column":56},"end":{"line":2,"column":57}},"loc":{"start":{"line":2,"column":71},"end":{"line":4,"column":1}},"line":2}},"branchMap":{"0":{"loc":{"start":{"line":2,"column":22},"end":{"line":4,"column":1}},"type":"binary-expr","locations":[{"start":{"line":2,"column":23},"end":{"line":2,"column":27}},{"start":{"line":2,"column":31},"end":{"line":2,"column":51}},{"start":{"line":2,"column":56},"end":{"line":4,"column":1}}],"line":2},"1":{"loc":{"start":{"line":3,"column":11},"end":{"line":3,"column":61}},"type":"cond-expr","locations":[{"start":{"line":3,"column":37},"end":{"line":3,"column":40}},{"start":{"line":3,"column":43},"end":{"line":3,"column":61}}],"line":3},"2":{"loc":{"start":{"line":3,"column":12},"end":{"line":3,"column":33}},"type":"binary-expr","locations":[{"start":{"line":3,"column":12},"end":{"line":3,"column":15}},{"start":{"line":3,"column":19},"end":{"line":3,"column":33}}],"line":3}},"s":{"0":2,"1":6,"2":2,"3":2,"4":2,"5":2,"6":2,"7":2,"8":2,"9":2,"10":2},"f":{"0":6},"b":{"0":[2,2,2],"1":[0,6],"2":[6,6]},"inputSourceMap":null,"_coverageSchema":"1a1c01bbd47fc00a2c39e90264f33305004495a9","hash":"d886d1965b8585139a422f879ff448589b4746a1"}
,"C:\\Users\\liron\\Desktop\\full stack project\\Full-Stack-Project\\dist\\routes\\post_routes.js": {"path":"C:\\Users\\liron\\Desktop\\full stack project\\Full-Stack-Project\\dist\\routes\\post_routes.js","statementMap":{"0":{"start":{"line":2,"column":22},"end":{"line":4,"column":1}},"1":{"start":{"line":3,"column":4},"end":{"line":3,"column":62}},"2":{"start":{"line":5,"column":18},"end":{"line":5,"column":53}},"3":{"start":{"line":6,"column":15},"end":{"line":6,"column":41}},"4":{"start":{"line":7,"column":15},"end":{"line":7,"column":62}},"5":{"start":{"line":8,"column":26},"end":{"line":8,"column":79}},"6":{"start":{"line":9,"column":0},"end":{"line":9,"column":44}},"7":{"start":{"line":10,"column":0},"end":{"line":10,"column":74}},"8":{"start":{"line":11,"column":0},"end":{"line":11,"column":47}},"9":{"start":{"line":12,"column":0},"end":{"line":12,"column":80}},"10":{"start":{"line":13,"column":0},"end":{"line":13,"column":24}}},"fnMap":{"0":{"name":"(anonymous_0)","decl":{"start":{"line":2,"column":56},"end":{"line":2,"column":57}},"loc":{"start":{"line":2,"column":71},"end":{"line":4,"column":1}},"line":2}},"branchMap":{"0":{"loc":{"start":{"line":2,"column":22},"end":{"line":4,"column":1}},"type":"binary-expr","locations":[{"start":{"line":2,"column":23},"end":{"line":2,"column":27}},{"start":{"line":2,"column":31},"end":{"line":2,"column":51}},{"start":{"line":2,"column":56},"end":{"line":4,"column":1}}],"line":2},"1":{"loc":{"start":{"line":3,"column":11},"end":{"line":3,"column":61}},"type":"cond-expr","locations":[{"start":{"line":3,"column":37},"end":{"line":3,"column":40}},{"start":{"line":3,"column":43},"end":{"line":3,"column":61}}],"line":3},"2":{"loc":{"start":{"line":3,"column":12},"end":{"line":3,"column":33}},"type":"binary-expr","locations":[{"start":{"line":3,"column":12},"end":{"line":3,"column":15}},{"start":{"line":3,"column":19},"end":{"line":3,"column":33}}],"line":3}},"s":{"0":2,"1":6,"2":2,"3":2,"4":2,"5":2,"6":2,"7":2,"8":2,"9":2,"10":2},"f":{"0":6},"b":{"0":[2,2,2],"1":[0,6],"2":[6,6]},"inputSourceMap":null,"_coverageSchema":"1a1c01bbd47fc00a2c39e90264f33305004495a9","hash":"e18253b4b3cd957d5691a2f23238ac43b9ec7b92"}
,"C:\\Users\\liron\\Desktop\\full stack project\\Full-Stack-Project\\src\\server.ts": {"path":"C:\\Users\\liron\\Desktop\\full stack project\\Full-Stack-Project\\src\\server.ts","statementMap":{"0":{"start":{"line":1,"column":0},"end":{"line":1,"column":29}},"1":{"start":{"line":2,"column":12},"end":{"line":2,"column":21}},"2":{"start":{"line":3,"column":0},"end":{"line":3,"column":27}},"3":{"start":{"line":4,"column":0},"end":{"line":4,"column":null}},"4":{"start":{"line":6,"column":0},"end":{"line":6,"column":null}},"5":{"start":{"line":8,"column":0},"end":{"line":8,"column":31}},"6":{"start":{"line":9,"column":0},"end":{"line":9,"column":null}},"7":{"start":{"line":11,"column":11},"end":{"line":11,"column":30}},"8":{"start":{"line":12,"column":0},"end":{"line":14,"column":null}},"9":{"start":{"line":13,"column":4},"end":{"line":13,"column":null}},"10":{"start":{"line":15,"column":0},"end":{"line":17,"column":null}},"11":{"start":{"line":16,"column":4},"end":{"line":16,"column":null}},"12":{"start":{"line":19,"column":0},"end":{"line":19,"column":36}},"13":{"start":{"line":20,"column":0},"end":{"line":20,"column":null}},"14":{"start":{"line":21,"column":0},"end":{"line":21,"column":null}},"15":{"start":{"line":24,"column":0},"end":{"line":24,"column":46}},"16":{"start":{"line":25,"column":0},"end":{"line":25,"column":null}},"17":{"start":{"line":27,"column":0},"end":{"line":27,"column":46}},"18":{"start":{"line":28,"column":0},"end":{"line":28,"column":null}},"19":{"start":{"line":31,"column":0},"end":{"line":31,"column":null}}},"fnMap":{"0":{"name":"(anonymous_1)","decl":{"start":{"line":12,"column":14},"end":{"line":12,"column":15}},"loc":{"start":{"line":12,"column":23},"end":{"line":14,"column":1}}},"1":{"name":"(anonymous_2)","decl":{"start":{"line":15,"column":15},"end":{"line":15,"column":17}},"loc":{"start":{"line":15,"column":19},"end":{"line":17,"column":1}}}},"branchMap":{},"s":{"0":2,"1":2,"2":2,"3":2,"4":2,"5":2,"6":2,"7":2,"8":2,"9":0,"10":2,"11":2,"12":2,"13":2,"14":2,"15":2,"16":2,"17":2,"18":2,"19":2},"f":{"0":0,"1":2},"b":{}}
,"C:\\Users\\liron\\Desktop\\full stack project\\Full-Stack-Project\\src\\common\\auth_middleware.ts": {"path":"C:\\Users\\liron\\Desktop\\full stack project\\Full-Stack-Project\\src\\common\\auth_middleware.ts","statementMap":{"0":{"start":{"line":2,"column":0},"end":{"line":2,"column":30}},"1":{"start":{"line":3,"column":0},"end":{"line":3,"column":47}},"2":{"start":{"line":5,"column":23},"end":{"line":18,"column":null}},"3":{"start":{"line":5,"column":80},"end":{"line":18,"column":null}},"4":{"start":{"line":6,"column":16},"end":{"line":6,"column":44}},"5":{"start":{"line":7,"column":4},"end":{"line":9,"column":null}},"6":{"start":{"line":8,"column":8},"end":{"line":8,"column":null}},"7":{"start":{"line":10,"column":4},"end":{"line":10,"column":null}},"8":{"start":{"line":11,"column":4},"end":{"line":17,"column":null}},"9":{"start":{"line":12,"column":8},"end":{"line":14,"column":null}},"10":{"start":{"line":13,"column":12},"end":{"line":13,"column":null}},"11":{"start":{"line":15,"column":8},"end":{"line":15,"column":null}},"12":{"start":{"line":16,"column":8},"end":{"line":16,"column":null}},"13":{"start":{"line":20,"column":0},"end":{"line":20,"column":null}}},"fnMap":{"0":{"name":"(anonymous_8)","decl":{"start":{"line":5,"column":23},"end":{"line":5,"column":30}},"loc":{"start":{"line":5,"column":80},"end":{"line":18,"column":null}}},"1":{"name":"(anonymous_9)","decl":{"start":{"line":5,"column":80},"end":{"line":5,"column":null}},"loc":{"start":{"line":5,"column":80},"end":{"line":18,"column":1}}},"2":{"name":"(anonymous_10)","decl":{"start":{"line":11,"column":53},"end":{"line":11,"column":54}},"loc":{"start":{"line":11,"column":67},"end":{"line":17,"column":5}}}},"branchMap":{"0":{"loc":{"start":{"line":7,"column":4},"end":{"line":9,"column":null}},"type":"if","locations":[{"start":{"line":7,"column":4},"end":{"line":9,"column":null}}]},"1":{"loc":{"start":{"line":7,"column":8},"end":{"line":7,"column":43}},"type":"binary-expr","locations":[{"start":{"line":7,"column":8},"end":{"line":7,"column":26}},{"start":{"line":7,"column":30},"end":{"line":7,"column":43}}]},"2":{"loc":{"start":{"line":12,"column":8},"end":{"line":14,"column":null}},"type":"if","locations":[{"start":{"line":12,"column":8},"end":{"line":14,"column":null}}]}},"s":{"0":2,"1":2,"2":2,"3":2,"4":2,"5":2,"6":0,"7":2,"8":2,"9":2,"10":0,"11":2,"12":2,"13":2},"f":{"0":2,"1":2,"2":2},"b":{"0":[0],"1":[2,2],"2":[0]}}
,"C:\\Users\\liron\\Desktop\\full stack project\\Full-Stack-Project\\src\\controllers\\auth.ts": {"path":"C:\\Users\\liron\\Desktop\\full stack project\\Full-Stack-Project\\src\\controllers\\auth.ts","statementMap":{"0":{"start":{"line":1,"column":0},"end":{"line":1,"column":39}},"1":{"start":{"line":3,"column":0},"end":{"line":3,"column":48}},"2":{"start":{"line":4,"column":0},"end":{"line":4,"column":27}},"3":{"start":{"line":5,"column":0},"end":{"line":5,"column":31}},"4":{"start":{"line":13,"column":18},"end":{"line":61,"column":4}},"5":{"start":{"line":13,"column":56},"end":{"line":61,"column":4}},"6":{"start":{"line":14,"column":4},"end":{"line":14,"column":28}},"7":{"start":{"line":16,"column":18},"end":{"line":16,"column":32}},"8":{"start":{"line":17,"column":21},"end":{"line":17,"column":38}},"9":{"start":{"line":19,"column":4},"end":{"line":26,"column":null}},"10":{"start":{"line":25,"column":6},"end":{"line":25,"column":42}},"11":{"start":{"line":29,"column":17},"end":{"line":29,"column":41}},"12":{"start":{"line":30,"column":30},"end":{"line":30,"column":63}},"13":{"start":{"line":34,"column":17},"end":{"line":37,"column":6}},"14":{"start":{"line":38,"column":4},"end":{"line":60,"column":null}},"15":{"start":{"line":39,"column":22},"end":{"line":39,"column":39}},"16":{"start":{"line":41,"column":26},"end":{"line":44,"column":null}},"17":{"start":{"line":46,"column":27},"end":{"line":49,"column":null}},"18":{"start":{"line":51,"column":6},"end":{"line":51,"column":42}},"19":{"start":{"line":52,"column":6},"end":{"line":52,"column":27}},"20":{"start":{"line":53,"column":6},"end":{"line":57,"column":9}},"21":{"start":{"line":59,"column":6},"end":{"line":59,"column":78}},"22":{"start":{"line":68,"column":15},"end":{"line":115,"column":2}},"23":{"start":{"line":68,"column":54},"end":{"line":115,"column":2}},"24":{"start":{"line":69,"column":4},"end":{"line":69,"column":null}},"25":{"start":{"line":70,"column":18},"end":{"line":70,"column":32}},"26":{"start":{"line":71,"column":21},"end":{"line":71,"column":38}},"27":{"start":{"line":72,"column":4},"end":{"line":76,"column":null}},"28":{"start":{"line":73,"column":6},"end":{"line":75,"column":52}},"29":{"start":{"line":78,"column":4},"end":{"line":114,"column":null}},"30":{"start":{"line":80,"column":19},"end":{"line":80,"column":55}},"31":{"start":{"line":81,"column":6},"end":{"line":85,"column":null}},"32":{"start":{"line":82,"column":8},"end":{"line":84,"column":54}},"33":{"start":{"line":87,"column":20},"end":{"line":87,"column":65}},"34":{"start":{"line":88,"column":6},"end":{"line":92,"column":null}},"35":{"start":{"line":89,"column":8},"end":{"line":91,"column":54}},"36":{"start":{"line":95,"column":26},"end":{"line":98,"column":null}},"37":{"start":{"line":100,"column":27},"end":{"line":103,"column":null}},"38":{"start":{"line":105,"column":6},"end":{"line":105,"column":39}},"39":{"start":{"line":106,"column":6},"end":{"line":106,"column":24}},"40":{"start":{"line":107,"column":6},"end":{"line":111,"column":9}},"41":{"start":{"line":113,"column":6},"end":{"line":113,"column":78}},"42":{"start":{"line":124,"column":20},"end":{"line":166,"column":4}},"43":{"start":{"line":124,"column":58},"end":{"line":166,"column":4}},"44":{"start":{"line":125,"column":4},"end":{"line":125,"column":30}},"45":{"start":{"line":127,"column":16},"end":{"line":127,"column":44}},"46":{"start":{"line":128,"column":4},"end":{"line":130,"column":null}},"47":{"start":{"line":129,"column":6},"end":{"line":129,"column":51}},"48":{"start":{"line":131,"column":4},"end":{"line":131,"column":32}},"49":{"start":{"line":132,"column":4},"end":{"line":165,"column":7}},"50":{"start":{"line":132,"column":78},"end":{"line":165,"column":6}},"51":{"start":{"line":133,"column":6},"end":{"line":135,"column":null}},"52":{"start":{"line":134,"column":8},"end":{"line":134,"column":53}},"53":{"start":{"line":136,"column":6},"end":{"line":136,"column":28}},"54":{"start":{"line":138,"column":6},"end":{"line":164,"column":null}},"55":{"start":{"line":139,"column":21},"end":{"line":139,"column":48}},"56":{"start":{"line":140,"column":8},"end":{"line":144,"column":null}},"57":{"start":{"line":141,"column":10},"end":{"line":141,"column":33}},"58":{"start":{"line":142,"column":10},"end":{"line":142,"column":28}},"59":{"start":{"line":143,"column":10},"end":{"line":143,"column":80}},"60":{"start":{"line":145,"column":28},"end":{"line":148,"column":null}},"61":{"start":{"line":150,"column":29},"end":{"line":153,"column":null}},"62":{"start":{"line":155,"column":8},"end":{"line":155,"column":41}},"63":{"start":{"line":156,"column":8},"end":{"line":156,"column":26}},"64":{"start":{"line":157,"column":8},"end":{"line":161,"column":11}},"65":{"start":{"line":163,"column":8},"end":{"line":163,"column":78}},"66":{"start":{"line":173,"column":15},"end":{"line":175,"column":4}},"67":{"start":{"line":173,"column":53},"end":{"line":175,"column":4}},"68":{"start":{"line":174,"column":4},"end":{"line":174,"column":40}},"69":{"start":{"line":177,"column":2},"end":{"line":182,"column":4}}},"fnMap":{"0":{"name":"(anonymous_8)","decl":{"start":{"line":13,"column":18},"end":{"line":13,"column":25}},"loc":{"start":{"line":13,"column":56},"end":{"line":61,"column":4}}},"1":{"name":"(anonymous_9)","decl":{"start":{"line":13,"column":56},"end":{"line":13,"column":null}},"loc":{"start":{"line":13,"column":56},"end":{"line":61,"column":3}}},"2":{"name":"(anonymous_10)","decl":{"start":{"line":68,"column":15},"end":{"line":68,"column":22}},"loc":{"start":{"line":68,"column":54},"end":{"line":115,"column":2}}},"3":{"name":"(anonymous_11)","decl":{"start":{"line":68,"column":54},"end":{"line":68,"column":null}},"loc":{"start":{"line":68,"column":54},"end":{"line":115,"column":1}}},"4":{"name":"(anonymous_12)","decl":{"start":{"line":124,"column":20},"end":{"line":124,"column":27}},"loc":{"start":{"line":124,"column":58},"end":{"line":166,"column":4}}},"5":{"name":"(anonymous_13)","decl":{"start":{"line":124,"column":58},"end":{"line":124,"column":null}},"loc":{"start":{"line":124,"column":58},"end":{"line":166,"column":3}}},"6":{"name":"(anonymous_14)","decl":{"start":{"line":132,"column":56},"end":{"line":132,"column":63}},"loc":{"start":{"line":132,"column":78},"end":{"line":165,"column":6}}},"7":{"name":"(anonymous_15)","decl":{"start":{"line":132,"column":78},"end":{"line":132,"column":null}},"loc":{"start":{"line":132,"column":78},"end":{"line":165,"column":5}}},"8":{"name":"(anonymous_16)","decl":{"start":{"line":173,"column":15},"end":{"line":173,"column":22}},"loc":{"start":{"line":173,"column":53},"end":{"line":175,"column":4}}},"9":{"name":"(anonymous_17)","decl":{"start":{"line":173,"column":53},"end":{"line":173,"column":null}},"loc":{"start":{"line":173,"column":53},"end":{"line":175,"column":3}}}},"branchMap":{"0":{"loc":{"start":{"line":19,"column":4},"end":{"line":26,"column":null}},"type":"if","locations":[{"start":{"line":19,"column":4},"end":{"line":26,"column":null}}]},"1":{"loc":{"start":{"line":20,"column":6},"end":{"line":23,"column":27}},"type":"binary-expr","locations":[{"start":{"line":20,"column":6},"end":{"line":20,"column":19}},{"start":{"line":21,"column":6},"end":{"line":21,"column":24}},{"start":{"line":22,"column":6},"end":{"line":22,"column":22}},{"start":{"line":23,"column":6},"end":{"line":23,"column":27}}]},"2":{"loc":{"start":{"line":72,"column":4},"end":{"line":76,"column":null}},"type":"if","locations":[{"start":{"line":72,"column":4},"end":{"line":76,"column":null}}]},"3":{"loc":{"start":{"line":72,"column":8},"end":{"line":72,"column":41}},"type":"binary-expr","locations":[{"start":{"line":72,"column":8},"end":{"line":72,"column":21}},{"start":{"line":72,"column":25},"end":{"line":72,"column":41}}]},"4":{"loc":{"start":{"line":81,"column":6},"end":{"line":85,"column":null}},"type":"if","locations":[{"start":{"line":81,"column":6},"end":{"line":85,"column":null}}]},"5":{"loc":{"start":{"line":88,"column":6},"end":{"line":92,"column":null}},"type":"if","locations":[{"start":{"line":88,"column":6},"end":{"line":92,"column":null}}]},"6":{"loc":{"start":{"line":128,"column":4},"end":{"line":130,"column":null}},"type":"if","locations":[{"start":{"line":128,"column":4},"end":{"line":130,"column":null}}]},"7":{"loc":{"start":{"line":128,"column":8},"end":{"line":128,"column":43}},"type":"binary-expr","locations":[{"start":{"line":128,"column":8},"end":{"line":128,"column":26}},{"start":{"line":128,"column":30},"end":{"line":128,"column":43}}]},"8":{"loc":{"start":{"line":133,"column":6},"end":{"line":135,"column":null}},"type":"if","locations":[{"start":{"line":133,"column":6},"end":{"line":135,"column":null}}]},"9":{"loc":{"start":{"line":140,"column":8},"end":{"line":144,"column":null}},"type":"if","locations":[{"start":{"line":140,"column":8},"end":{"line":144,"column":null}}]}},"s":{"0":2,"1":2,"2":2,"3":2,"4":2,"5":3,"6":3,"7":3,"8":3,"9":3,"10":0,"11":3,"12":3,"13":3,"14":3,"15":3,"16":2,"17":2,"18":2,"19":2,"20":2,"21":1,"22":2,"23":3,"24":3,"25":3,"26":3,"27":3,"28":0,"29":3,"30":3,"31":3,"32":1,"33":2,"34":2,"35":1,"36":1,"37":1,"38":1,"39":1,"40":1,"41":0,"42":2,"43":1,"44":1,"45":1,"46":1,"47":0,"48":1,"49":1,"50":1,"51":1,"52":1,"53":0,"54":0,"55":0,"56":0,"57":0,"58":0,"59":0,"60":0,"61":0,"62":0,"63":0,"64":0,"65":0,"66":2,"67":0,"68":0,"69":2},"f":{"0":3,"1":3,"2":3,"3":3,"4":1,"5":1,"6":1,"7":1,"8":0,"9":0},"b":{"0":[0],"1":[3,3,3,3],"2":[0],"3":[3,3],"4":[1],"5":[1],"6":[0],"7":[1,1],"8":[1],"9":[0]}}
,"C:\\Users\\liron\\Desktop\\full stack project\\Full-Stack-Project\\src\\controllers\\post.ts": {"path":"C:\\Users\\liron\\Desktop\\full stack project\\Full-Stack-Project\\src\\controllers\\post.ts","statementMap":{"0":{"start":{"line":1,"column":0},"end":{"line":1,"column":39}},"1":{"start":{"line":8,"column":20},"end":{"line":26,"column":null}},"2":{"start":{"line":8,"column":59},"end":{"line":26,"column":null}},"3":{"start":{"line":9,"column":4},"end":{"line":9,"column":null}},"4":{"start":{"line":11,"column":4},"end":{"line":24,"column":null}},"5":{"start":{"line":12,"column":23},"end":{"line":12,"column":39}},"6":{"start":{"line":14,"column":8},"end":{"line":18,"column":null}},"7":{"start":{"line":15,"column":12},"end":{"line":15,"column":null}},"8":{"start":{"line":17,"column":12},"end":{"line":17,"column":null}},"9":{"start":{"line":19,"column":8},"end":{"line":19,"column":null}},"10":{"start":{"line":21,"column":8},"end":{"line":23,"column":null}},"11":{"start":{"line":29,"column":20},"end":{"line":50,"column":null}},"12":{"start":{"line":29,"column":56},"end":{"line":50,"column":null}},"13":{"start":{"line":30,"column":4},"end":{"line":30,"column":null}},"14":{"start":{"line":31,"column":15},"end":{"line":31,"column":28}},"15":{"start":{"line":32,"column":4},"end":{"line":34,"column":null}},"16":{"start":{"line":33,"column":8},"end":{"line":33,"column":null}},"17":{"start":{"line":36,"column":4},"end":{"line":49,"column":null}},"18":{"start":{"line":37,"column":21},"end":{"line":37,"column":44}},"19":{"start":{"line":38,"column":8},"end":{"line":44,"column":null}},"20":{"start":{"line":39,"column":12},"end":{"line":41,"column":null}},"21":{"start":{"line":43,"column":12},"end":{"line":43,"column":null}},"22":{"start":{"line":46,"column":8},"end":{"line":48,"column":null}},"23":{"start":{"line":57,"column":22},"end":{"line":73,"column":null}},"24":{"start":{"line":57,"column":58},"end":{"line":73,"column":null}},"25":{"start":{"line":58,"column":4},"end":{"line":58,"column":null}},"26":{"start":{"line":60,"column":17},"end":{"line":63,"column":6}},"27":{"start":{"line":65,"column":4},"end":{"line":72,"column":null}},"28":{"start":{"line":66,"column":24},"end":{"line":66,"column":41}},"29":{"start":{"line":67,"column":8},"end":{"line":67,"column":null}},"30":{"start":{"line":69,"column":8},"end":{"line":71,"column":null}},"31":{"start":{"line":75,"column":23},"end":{"line":90,"column":null}},"32":{"start":{"line":75,"column":58},"end":{"line":90,"column":null}},"33":{"start":{"line":76,"column":4},"end":{"line":76,"column":null}},"34":{"start":{"line":77,"column":15},"end":{"line":77,"column":28}},"35":{"start":{"line":78,"column":4},"end":{"line":80,"column":null}},"36":{"start":{"line":79,"column":8},"end":{"line":79,"column":null}},"37":{"start":{"line":82,"column":4},"end":{"line":89,"column":null}},"38":{"start":{"line":83,"column":8},"end":{"line":83,"column":null}},"39":{"start":{"line":84,"column":8},"end":{"line":84,"column":null}},"40":{"start":{"line":86,"column":8},"end":{"line":88,"column":null}},"41":{"start":{"line":91,"column":0},"end":{"line":96,"column":null}}},"fnMap":{"0":{"name":"(anonymous_8)","decl":{"start":{"line":8,"column":20},"end":{"line":8,"column":27}},"loc":{"start":{"line":8,"column":59},"end":{"line":26,"column":null}}},"1":{"name":"(anonymous_9)","decl":{"start":{"line":8,"column":59},"end":{"line":8,"column":null}},"loc":{"start":{"line":8,"column":59},"end":{"line":26,"column":1}}},"2":{"name":"(anonymous_10)","decl":{"start":{"line":29,"column":20},"end":{"line":29,"column":27}},"loc":{"start":{"line":29,"column":56},"end":{"line":50,"column":null}}},"3":{"name":"(anonymous_11)","decl":{"start":{"line":29,"column":56},"end":{"line":29,"column":null}},"loc":{"start":{"line":29,"column":56},"end":{"line":50,"column":1}}},"4":{"name":"(anonymous_12)","decl":{"start":{"line":57,"column":22},"end":{"line":57,"column":29}},"loc":{"start":{"line":57,"column":58},"end":{"line":73,"column":null}}},"5":{"name":"(anonymous_13)","decl":{"start":{"line":57,"column":58},"end":{"line":57,"column":null}},"loc":{"start":{"line":57,"column":58},"end":{"line":73,"column":1}}},"6":{"name":"(anonymous_14)","decl":{"start":{"line":75,"column":23},"end":{"line":75,"column":30}},"loc":{"start":{"line":75,"column":58},"end":{"line":90,"column":null}}},"7":{"name":"(anonymous_15)","decl":{"start":{"line":75,"column":58},"end":{"line":75,"column":null}},"loc":{"start":{"line":75,"column":58},"end":{"line":90,"column":1}}}},"branchMap":{"0":{"loc":{"start":{"line":14,"column":8},"end":{"line":18,"column":null}},"type":"if","locations":[{"start":{"line":14,"column":8},"end":{"line":18,"column":null}},{"start":{"line":16,"column":13},"end":{"line":18,"column":null}}]},"1":{"loc":{"start":{"line":14,"column":12},"end":{"line":14,"column":49}},"type":"binary-expr","locations":[{"start":{"line":14,"column":12},"end":{"line":14,"column":26}},{"start":{"line":14,"column":30},"end":{"line":14,"column":49}}]},"2":{"loc":{"start":{"line":32,"column":4},"end":{"line":34,"column":null}},"type":"if","locations":[{"start":{"line":32,"column":4},"end":{"line":34,"column":null}}]},"3":{"loc":{"start":{"line":32,"column":8},"end":{"line":32,"column":37}},"type":"binary-expr","locations":[{"start":{"line":32,"column":8},"end":{"line":32,"column":18}},{"start":{"line":32,"column":22},"end":{"line":32,"column":37}}]},"4":{"loc":{"start":{"line":38,"column":8},"end":{"line":44,"column":null}},"type":"if","locations":[{"start":{"line":38,"column":8},"end":{"line":44,"column":null}},{"start":{"line":42,"column":13},"end":{"line":44,"column":null}}]},"5":{"loc":{"start":{"line":78,"column":4},"end":{"line":80,"column":null}},"type":"if","locations":[{"start":{"line":78,"column":4},"end":{"line":80,"column":null}}]},"6":{"loc":{"start":{"line":78,"column":8},"end":{"line":78,"column":37}},"type":"binary-expr","locations":[{"start":{"line":78,"column":8},"end":{"line":78,"column":18}},{"start":{"line":78,"column":22},"end":{"line":78,"column":37}}]}},"s":{"0":2,"1":2,"2":2,"3":2,"4":2,"5":2,"6":2,"7":1,"8":1,"9":2,"10":0,"11":2,"12":2,"13":2,"14":2,"15":2,"16":0,"17":2,"18":2,"19":2,"20":1,"21":1,"22":0,"23":2,"24":1,"25":1,"26":1,"27":1,"28":1,"29":1,"30":0,"31":2,"32":1,"33":1,"34":1,"35":1,"36":0,"37":1,"38":1,"39":1,"40":0,"41":2},"f":{"0":2,"1":2,"2":2,"3":2,"4":1,"5":1,"6":1,"7":1},"b":{"0":[1,1],"1":[2,1],"2":[0],"3":[2,2],"4":[1,1],"5":[0],"6":[1,1]}}
,"C:\\Users\\liron\\Desktop\\full stack project\\Full-Stack-Project\\src\\models\\post_model.ts": {"path":"C:\\Users\\liron\\Desktop\\full stack project\\Full-Stack-Project\\src\\models\\post_model.ts","statementMap":{"0":{"start":{"line":1,"column":0},"end":{"line":1,"column":31}},"1":{"start":{"line":3,"column":19},"end":{"line":12,"column":2}},"2":{"start":{"line":14,"column":0},"end":{"line":14,"column":null}}},"fnMap":{},"branchMap":{},"s":{"0":2,"1":2,"2":2},"f":{},"b":{}}
,"C:\\Users\\liron\\Desktop\\full stack project\\Full-Stack-Project\\src\\models\\user_model.ts": {"path":"C:\\Users\\liron\\Desktop\\full stack project\\Full-Stack-Project\\src\\models\\user_model.ts","statementMap":{"0":{"start":{"line":1,"column":0},"end":{"line":1,"column":32}},"1":{"start":{"line":3,"column":19},"end":{"line":16,"column":2}},"2":{"start":{"line":18,"column":0},"end":{"line":18,"column":44}}},"fnMap":{},"branchMap":{},"s":{"0":2,"1":2,"2":2},"f":{},"b":{}}
,"C:\\Users\\liron\\Desktop\\full stack project\\Full-Stack-Project\\src\\routes\\auth_routes.ts": {"path":"C:\\Users\\liron\\Desktop\\full stack project\\Full-Stack-Project\\src\\routes\\auth_routes.ts","statementMap":{"0":{"start":{"line":1,"column":0},"end":{"line":1,"column":29}},"1":{"start":{"line":2,"column":15},"end":{"line":2,"column":31}},"2":{"start":{"line":3,"column":0},"end":{"line":3,"column":38}},"3":{"start":{"line":4,"column":0},"end":{"line":4,"column":53}},"4":{"start":{"line":6,"column":0},"end":{"line":6,"column":40}},"5":{"start":{"line":7,"column":0},"end":{"line":7,"column":34}},"6":{"start":{"line":8,"column":0},"end":{"line":8,"column":41}},"7":{"start":{"line":9,"column":0},"end":{"line":9,"column":45}},"8":{"start":{"line":14,"column":0},"end":{"line":14,"column":null}}},"fnMap":{},"branchMap":{},"s":{"0":2,"1":2,"2":2,"3":2,"4":2,"5":2,"6":2,"7":2,"8":2},"f":{},"b":{}}
,"C:\\Users\\liron\\Desktop\\full stack project\\Full-Stack-Project\\src\\routes\\post_routes.ts": {"path":"C:\\Users\\liron\\Desktop\\full stack project\\Full-Stack-Project\\src\\routes\\post_routes.ts","statementMap":{"0":{"start":{"line":1,"column":0},"end":{"line":1,"column":29}},"1":{"start":{"line":2,"column":15},"end":{"line":2,"column":31}},"2":{"start":{"line":3,"column":0},"end":{"line":3,"column":38}},"3":{"start":{"line":4,"column":0},"end":{"line":4,"column":52}},"4":{"start":{"line":7,"column":0},"end":{"line":7,"column":null}},"5":{"start":{"line":9,"column":0},"end":{"line":9,"column":null}},"6":{"start":{"line":11,"column":0},"end":{"line":11,"column":null}},"7":{"start":{"line":13,"column":0},"end":{"line":13,"column":null}},"8":{"start":{"line":14,"column":0},"end":{"line":14,"column":null}}},"fnMap":{},"branchMap":{},"s":{"0":2,"1":2,"2":2,"3":2,"4":2,"5":2,"6":2,"7":2,"8":2},"f":{},"b":{}}
}
