TN:
SF:src/server.ts
FN:12,(anonymous_1)
FN:15,(anonymous_2)
FNF:2
FNH:1
FNDA:0,(anonymous_1)
FNDA:2,(anonymous_2)
DA:1,2
DA:2,2
DA:3,2
DA:4,2
DA:6,2
DA:8,2
DA:9,2
DA:11,2
DA:12,2
DA:13,0
DA:15,2
DA:16,2
DA:19,2
DA:20,2
DA:21,2
DA:24,2
DA:25,2
DA:27,2
DA:28,2
DA:31,2
LF:20
LH:19
BRF:0
BRH:0
end_of_record
TN:
SF:src/common/auth_middleware.ts
FN:5,(anonymous_8)
FN:5,(anonymous_9)
FN:11,(anonymous_10)
FNF:3
FNH:3
FNDA:4,(anonymous_8)
FNDA:4,(anonymous_9)
FNDA:4,(anonymous_10)
DA:2,2
DA:3,2
DA:5,4
DA:6,4
DA:7,4
DA:8,0
DA:10,4
DA:11,4
DA:12,4
DA:13,1
DA:15,3
DA:16,3
DA:20,2
LF:13
LH:12
BRDA:7,0,0,0
BRDA:7,1,0,4
BRDA:7,1,1,4
BRDA:12,2,0,1
BRF:4
BRH:3
end_of_record
TN:
SF:src/controllers/auth.ts
FN:13,(anonymous_8)
FN:13,(anonymous_9)
FN:68,(anonymous_10)
FN:68,(anonymous_11)
FN:124,(anonymous_12)
FN:124,(anonymous_13)
FN:132,(anonymous_14)
FN:132,(anonymous_15)
FN:173,(anonymous_16)
FN:173,(anonymous_17)
FNF:10
FNH:10
FNDA:3,(anonymous_8)
FNDA:3,(anonymous_9)
FNDA:3,(anonymous_10)
FNDA:3,(anonymous_11)
FNDA:1,(anonymous_12)
FNDA:1,(anonymous_13)
FNDA:1,(anonymous_14)
FNDA:1,(anonymous_15)
FNDA:1,(anonymous_16)
FNDA:1,(anonymous_17)
DA:1,2
DA:3,2
DA:4,2
DA:5,2
DA:13,3
DA:14,3
DA:16,3
DA:17,3
DA:19,3
DA:25,0
DA:29,3
DA:30,3
DA:34,3
DA:38,3
DA:39,3
DA:41,2
DA:46,2
DA:51,2
DA:52,2
DA:53,2
DA:59,1
DA:68,3
DA:69,3
DA:70,3
DA:71,3
DA:72,3
DA:73,0
DA:78,3
DA:80,3
DA:81,3
DA:82,1
DA:87,2
DA:88,2
DA:89,1
DA:95,1
DA:100,1
DA:105,1
DA:106,1
DA:107,1
DA:113,0
DA:124,2
DA:125,1
DA:127,1
DA:128,1
DA:129,0
DA:131,1
DA:132,1
DA:133,1
DA:134,0
DA:136,1
DA:138,1
DA:139,1
DA:140,1
DA:141,0
DA:142,0
DA:143,0
DA:145,1
DA:150,1
DA:155,1
DA:156,1
DA:157,1
DA:163,0
DA:173,2
DA:174,1
DA:177,2
LF:65
LH:56
BRDA:19,0,0,0
BRDA:20,1,0,3
BRDA:20,1,1,3
BRDA:20,1,2,3
BRDA:20,1,3,3
BRDA:72,2,0,0
BRDA:72,3,0,3
BRDA:72,3,1,3
BRDA:81,4,0,1
BRDA:88,5,0,1
BRDA:128,6,0,0
BRDA:128,7,0,1
BRDA:128,7,1,1
BRDA:133,8,0,0
BRDA:140,9,0,0
BRF:15
BRH:10
end_of_record
TN:
SF:src/controllers/post.ts
FN:8,(anonymous_8)
FN:8,(anonymous_9)
FN:29,(anonymous_10)
FN:29,(anonymous_11)
FN:57,(anonymous_12)
FN:57,(anonymous_13)
FN:75,(anonymous_14)
FN:75,(anonymous_15)
FNF:8
FNH:8
FNDA:2,(anonymous_8)
FNDA:2,(anonymous_9)
FNDA:2,(anonymous_10)
FNDA:2,(anonymous_11)
FNDA:1,(anonymous_12)
FNDA:1,(anonymous_13)
FNDA:1,(anonymous_14)
FNDA:1,(anonymous_15)
DA:1,2
DA:8,2
DA:9,2
DA:11,2
DA:12,2
DA:14,2
DA:15,1
DA:17,1
DA:19,2
DA:21,0
DA:29,2
DA:30,2
DA:31,2
DA:32,2
DA:33,0
DA:36,2
DA:37,2
DA:38,2
DA:39,1
DA:43,1
DA:46,0
DA:57,2
DA:58,1
DA:60,1
DA:65,1
DA:66,1
DA:67,1
DA:69,0
DA:75,2
DA:76,1
DA:77,1
DA:78,1
DA:79,0
DA:82,1
DA:83,1
DA:84,1
DA:86,0
DA:91,2
LF:38
LH:32
BRDA:14,0,0,1
BRDA:14,0,1,1
BRDA:14,1,0,2
BRDA:14,1,1,1
BRDA:32,2,0,0
BRDA:32,3,0,2
BRDA:32,3,1,2
BRDA:38,4,0,1
BRDA:38,4,1,1
BRDA:78,5,0,0
BRDA:78,6,0,1
BRDA:78,6,1,1
BRF:12
BRH:10
end_of_record
TN:
SF:src/models/post_model.ts
FNF:0
FNH:0
DA:1,2
DA:3,2
DA:14,2
LF:3
LH:3
BRF:0
BRH:0
end_of_record
TN:
SF:src/models/user_model.ts
FNF:0
FNH:0
DA:1,2
DA:3,2
DA:18,2
LF:3
LH:3
BRF:0
BRH:0
end_of_record
TN:
SF:src/routes/auth_routes.ts
FNF:0
FNH:0
DA:1,2
DA:2,2
DA:3,2
DA:4,2
DA:6,2
DA:7,2
DA:8,2
DA:9,2
DA:14,2
LF:9
LH:9
BRF:0
BRH:0
end_of_record
TN:
SF:src/routes/post_routes.ts
FNF:0
FNH:0
DA:1,2
DA:2,2
DA:3,2
DA:4,2
DA:7,2
DA:9,2
DA:11,2
DA:13,2
DA:14,2
LF:9
LH:9
BRF:0
BRH:0
end_of_record
