TN:
SF:dist\server.js
FN:2,(anonymous_0)
FN:13,(anonymous_1)
FN:16,(anonymous_2)
FNF:3
FNH:2
FNDA:12,(anonymous_0)
FNDA:0,(anonymous_1)
FNDA:2,(anonymous_2)
DA:2,2
DA:3,12
DA:5,2
DA:6,2
DA:7,2
DA:8,2
DA:9,2
DA:10,2
DA:11,2
DA:12,2
DA:13,2
DA:14,0
DA:16,2
DA:17,2
DA:19,2
DA:20,2
DA:21,2
DA:22,2
DA:23,2
DA:24,2
DA:25,2
DA:26,2
LF:22
LH:21
BRDA:2,0,0,2
BRDA:2,0,1,2
BRDA:2,0,2,2
BRDA:3,1,0,0
BRDA:3,1,1,12
BRDA:3,2,0,12
BRDA:3,2,1,12
BRF:7
BRH:6
end_of_record
TN:
SF:dist\common\auth_middleware.js
FN:2,(anonymous_0)
FN:3,adopt
FN:3,(anonymous_2)
FN:4,(anonymous_3)
FN:5,fulfilled
FN:6,rejected
FN:7,step
FN:11,(anonymous_7)
FN:16,(anonymous_8)
FN:16,(anonymous_9)
FN:22,(anonymous_10)
FNF:11
FNH:7
FNDA:2,(anonymous_0)
FNDA:0,adopt
FNDA:0,(anonymous_2)
FNDA:2,(anonymous_3)
FNDA:0,fulfilled
FNDA:0,rejected
FNDA:2,step
FNDA:2,(anonymous_7)
FNDA:2,(anonymous_8)
FNDA:2,(anonymous_9)
FNDA:2,(anonymous_10)
DA:2,2
DA:3,0
DA:4,2
DA:5,0
DA:6,0
DA:7,2
DA:8,2
DA:11,2
DA:12,2
DA:14,2
DA:15,2
DA:16,2
DA:17,2
DA:18,2
DA:19,0
DA:21,2
DA:22,2
DA:23,2
DA:24,0
DA:26,2
DA:27,2
DA:30,2
LF:22
LH:17
BRDA:2,0,0,2
BRDA:2,0,1,2
BRDA:2,0,2,2
BRDA:3,1,0,0
BRDA:3,1,1,0
BRDA:4,2,0,2
BRDA:4,2,1,2
BRDA:7,3,0,2
BRDA:7,3,1,0
BRDA:8,4,0,2
BRDA:8,4,1,2
BRDA:11,5,0,2
BRDA:11,5,1,2
BRDA:11,5,2,2
BRDA:12,6,0,0
BRDA:12,6,1,2
BRDA:12,7,0,2
BRDA:12,7,1,2
BRDA:18,8,0,0
BRDA:18,8,1,2
BRDA:18,9,0,2
BRDA:18,9,1,2
BRDA:23,10,0,0
BRDA:23,10,1,2
BRF:24
BRH:18
end_of_record
TN:
SF:dist\controllers\auth.js
FN:2,(anonymous_0)
FN:3,adopt
FN:3,(anonymous_2)
FN:4,(anonymous_3)
FN:5,fulfilled
FN:6,rejected
FN:7,step
FN:11,(anonymous_7)
FN:23,(anonymous_8)
FN:23,(anonymous_9)
FN:65,(anonymous_10)
FN:65,(anonymous_11)
FN:109,(anonymous_12)
FN:109,(anonymous_13)
FN:117,(anonymous_14)
FN:117,(anonymous_15)
FN:149,(anonymous_16)
FN:149,(anonymous_17)
FNF:18
FNH:16
FNDA:8,(anonymous_0)
FNDA:23,adopt
FNDA:9,(anonymous_2)
FNDA:8,(anonymous_3)
FNDA:22,fulfilled
FNDA:1,rejected
FNDA:31,step
FNDA:6,(anonymous_7)
FNDA:3,(anonymous_8)
FNDA:3,(anonymous_9)
FNDA:3,(anonymous_10)
FNDA:3,(anonymous_11)
FNDA:1,(anonymous_12)
FNDA:1,(anonymous_13)
FNDA:1,(anonymous_14)
FNDA:1,(anonymous_15)
FNDA:0,(anonymous_16)
FNDA:0,(anonymous_17)
DA:2,2
DA:3,23
DA:4,8
DA:5,22
DA:6,1
DA:7,31
DA:8,8
DA:11,2
DA:12,6
DA:14,2
DA:15,2
DA:16,2
DA:17,2
DA:23,3
DA:24,3
DA:26,3
DA:27,3
DA:28,3
DA:32,0
DA:35,3
DA:36,3
DA:39,3
DA:43,3
DA:44,3
DA:46,2
DA:47,2
DA:48,2
DA:49,2
DA:50,2
DA:57,1
DA:65,3
DA:66,3
DA:67,3
DA:68,3
DA:69,3
DA:70,0
DA:74,3
DA:76,3
DA:77,3
DA:78,1
DA:82,2
DA:83,2
DA:84,1
DA:89,1
DA:90,1
DA:91,1
DA:92,1
DA:93,1
DA:100,0
DA:109,2
DA:110,1
DA:112,1
DA:113,1
DA:114,0
DA:116,1
DA:117,1
DA:118,1
DA:119,1
DA:121,0
DA:122,0
DA:123,0
DA:124,0
DA:125,0
DA:126,0
DA:127,0
DA:129,0
DA:130,0
DA:131,0
DA:132,0
DA:133,0
DA:140,0
DA:149,2
DA:150,0
DA:152,2
LF:74
LH:56
BRDA:2,0,0,2
BRDA:2,0,1,2
BRDA:2,0,2,2
BRDA:3,1,0,14
BRDA:3,1,1,9
BRDA:4,2,0,8
BRDA:4,2,1,8
BRDA:7,3,0,8
BRDA:7,3,1,23
BRDA:8,4,0,8
BRDA:8,4,1,8
BRDA:11,5,0,2
BRDA:11,5,1,2
BRDA:11,5,2,2
BRDA:12,6,0,0
BRDA:12,6,1,6
BRDA:12,7,0,6
BRDA:12,7,1,6
BRDA:28,8,0,0
BRDA:28,8,1,3
BRDA:28,9,0,3
BRDA:28,9,1,3
BRDA:28,9,2,3
BRDA:28,9,3,3
BRDA:69,10,0,0
BRDA:69,10,1,3
BRDA:69,11,0,3
BRDA:69,11,1,3
BRDA:77,12,0,1
BRDA:77,12,1,2
BRDA:83,13,0,1
BRDA:83,13,1,1
BRDA:113,14,0,0
BRDA:113,14,1,1
BRDA:113,15,0,1
BRDA:113,15,1,1
BRDA:118,16,0,1
BRDA:118,16,1,0
BRDA:124,17,0,0
BRDA:124,17,1,0
BRF:40
BRH:33
end_of_record
TN:
SF:dist\controllers\post.js
FN:2,(anonymous_0)
FN:3,adopt
FN:3,(anonymous_2)
FN:4,(anonymous_3)
FN:5,fulfilled
FN:6,rejected
FN:7,step
FN:11,(anonymous_7)
FN:20,(anonymous_8)
FN:20,(anonymous_9)
FN:39,(anonymous_10)
FN:39,(anonymous_11)
FN:67,(anonymous_12)
FN:67,(anonymous_13)
FN:83,(anonymous_14)
FN:83,(anonymous_15)
FNF:16
FNH:15
FNDA:6,(anonymous_0)
FNDA:6,adopt
FNDA:5,(anonymous_2)
FNDA:6,(anonymous_3)
FNDA:6,fulfilled
FNDA:0,rejected
FNDA:12,step
FNDA:2,(anonymous_7)
FNDA:2,(anonymous_8)
FNDA:2,(anonymous_9)
FNDA:2,(anonymous_10)
FNDA:2,(anonymous_11)
FNDA:1,(anonymous_12)
FNDA:1,(anonymous_13)
FNDA:1,(anonymous_14)
FNDA:1,(anonymous_15)
DA:2,2
DA:3,6
DA:4,6
DA:5,6
DA:6,0
DA:7,12
DA:8,6
DA:11,2
DA:12,2
DA:14,2
DA:20,2
DA:21,2
DA:22,2
DA:23,2
DA:25,2
DA:26,1
DA:29,1
DA:31,2
DA:34,0
DA:39,2
DA:40,2
DA:41,2
DA:42,2
DA:43,0
DA:45,2
DA:46,2
DA:47,2
DA:48,1
DA:53,1
DA:57,0
DA:67,2
DA:68,1
DA:69,1
DA:73,1
DA:74,1
DA:75,1
DA:78,0
DA:83,2
DA:84,1
DA:85,1
DA:86,1
DA:87,0
DA:89,1
DA:90,1
DA:91,1
DA:94,0
DA:99,2
LF:47
LH:40
BRDA:2,0,0,2
BRDA:2,0,1,2
BRDA:2,0,2,2
BRDA:3,1,0,1
BRDA:3,1,1,5
BRDA:4,2,0,6
BRDA:4,2,1,6
BRDA:7,3,0,6
BRDA:7,3,1,6
BRDA:8,4,0,6
BRDA:8,4,1,6
BRDA:11,5,0,2
BRDA:11,5,1,2
BRDA:11,5,2,2
BRDA:12,6,0,0
BRDA:12,6,1,2
BRDA:12,7,0,2
BRDA:12,7,1,2
BRDA:25,8,0,1
BRDA:25,8,1,1
BRDA:25,9,0,2
BRDA:25,9,1,1
BRDA:42,10,0,0
BRDA:42,10,1,2
BRDA:42,11,0,2
BRDA:42,11,1,2
BRDA:47,12,0,1
BRDA:47,12,1,1
BRDA:86,13,0,0
BRDA:86,13,1,1
BRDA:86,14,0,1
BRDA:86,14,1,1
BRF:32
BRH:29
end_of_record
TN:
SF:dist\models\post_model.js
FN:2,(anonymous_0)
FNF:1
FNH:1
FNDA:2,(anonymous_0)
DA:2,2
DA:3,2
DA:5,2
DA:6,2
DA:16,2
LF:5
LH:5
BRDA:2,0,0,2
BRDA:2,0,1,2
BRDA:2,0,2,2
BRDA:3,1,0,0
BRDA:3,1,1,2
BRDA:3,2,0,2
BRDA:3,2,1,2
BRF:7
BRH:6
end_of_record
TN:
SF:dist\models\user_model.js
FN:2,(anonymous_0)
FNF:1
FNH:1
FNDA:2,(anonymous_0)
DA:2,2
DA:3,2
DA:5,2
DA:6,2
DA:20,2
LF:5
LH:5
BRDA:2,0,0,2
BRDA:2,0,1,2
BRDA:2,0,2,2
BRDA:3,1,0,0
BRDA:3,1,1,2
BRDA:3,2,0,2
BRDA:3,2,1,2
BRF:7
BRH:6
end_of_record
TN:
SF:dist\routes\auth_routes.js
FN:2,(anonymous_0)
FNF:1
FNH:1
FNDA:6,(anonymous_0)
DA:2,2
DA:3,6
DA:5,2
DA:6,2
DA:7,2
DA:8,2
DA:9,2
DA:10,2
DA:11,2
DA:12,2
DA:13,2
LF:11
LH:11
BRDA:2,0,0,2
BRDA:2,0,1,2
BRDA:2,0,2,2
BRDA:3,1,0,0
BRDA:3,1,1,6
BRDA:3,2,0,6
BRDA:3,2,1,6
BRF:7
BRH:6
end_of_record
TN:
SF:dist\routes\post_routes.js
FN:2,(anonymous_0)
FNF:1
FNH:1
FNDA:6,(anonymous_0)
DA:2,2
DA:3,6
DA:5,2
DA:6,2
DA:7,2
DA:8,2
DA:9,2
DA:10,2
DA:11,2
DA:12,2
DA:13,2
LF:11
LH:11
BRDA:2,0,0,2
BRDA:2,0,1,2
BRDA:2,0,2,2
BRDA:3,1,0,0
BRDA:3,1,1,6
BRDA:3,2,0,6
BRDA:3,2,1,6
BRF:7
BRH:6
end_of_record
TN:
SF:src\server.ts
FN:12,(anonymous_1)
FN:15,(anonymous_2)
FNF:2
FNH:1
FNDA:0,(anonymous_1)
FNDA:2,(anonymous_2)
DA:1,2
DA:2,2
DA:3,2
DA:4,2
DA:6,2
DA:8,2
DA:9,2
DA:11,2
DA:12,2
DA:13,0
DA:15,2
DA:16,2
DA:19,2
DA:20,2
DA:21,2
DA:24,2
DA:25,2
DA:27,2
DA:28,2
DA:31,2
LF:20
LH:19
BRF:0
BRH:0
end_of_record
TN:
SF:src\common\auth_middleware.ts
FN:5,(anonymous_8)
FN:5,(anonymous_9)
FN:11,(anonymous_10)
FNF:3
FNH:3
FNDA:2,(anonymous_8)
FNDA:2,(anonymous_9)
FNDA:2,(anonymous_10)
DA:2,2
DA:3,2
DA:5,2
DA:6,2
DA:7,2
DA:8,0
DA:10,2
DA:11,2
DA:12,2
DA:13,0
DA:15,2
DA:16,2
DA:20,2
LF:13
LH:11
BRDA:7,0,0,0
BRDA:7,1,0,2
BRDA:7,1,1,2
BRDA:12,2,0,0
BRF:4
BRH:2
end_of_record
TN:
SF:src\controllers\auth.ts
FN:13,(anonymous_8)
FN:13,(anonymous_9)
FN:68,(anonymous_10)
FN:68,(anonymous_11)
FN:124,(anonymous_12)
FN:124,(anonymous_13)
FN:132,(anonymous_14)
FN:132,(anonymous_15)
FN:173,(anonymous_16)
FN:173,(anonymous_17)
FNF:10
FNH:8
FNDA:3,(anonymous_8)
FNDA:3,(anonymous_9)
FNDA:3,(anonymous_10)
FNDA:3,(anonymous_11)
FNDA:1,(anonymous_12)
FNDA:1,(anonymous_13)
FNDA:1,(anonymous_14)
FNDA:1,(anonymous_15)
FNDA:0,(anonymous_16)
FNDA:0,(anonymous_17)
DA:1,2
DA:3,2
DA:4,2
DA:5,2
DA:13,3
DA:14,3
DA:16,3
DA:17,3
DA:19,3
DA:25,0
DA:29,3
DA:30,3
DA:34,3
DA:38,3
DA:39,3
DA:41,2
DA:46,2
DA:51,2
DA:52,2
DA:53,2
DA:59,1
DA:68,3
DA:69,3
DA:70,3
DA:71,3
DA:72,3
DA:73,0
DA:78,3
DA:80,3
DA:81,3
DA:82,1
DA:87,2
DA:88,2
DA:89,1
DA:95,1
DA:100,1
DA:105,1
DA:106,1
DA:107,1
DA:113,0
DA:124,2
DA:125,1
DA:127,1
DA:128,1
DA:129,0
DA:131,1
DA:132,1
DA:133,1
DA:134,1
DA:136,0
DA:138,0
DA:139,0
DA:140,0
DA:141,0
DA:142,0
DA:143,0
DA:145,0
DA:150,0
DA:155,0
DA:156,0
DA:157,0
DA:163,0
DA:173,2
DA:174,0
DA:177,2
LF:65
LH:47
BRDA:19,0,0,0
BRDA:20,1,0,3
BRDA:20,1,1,3
BRDA:20,1,2,3
BRDA:20,1,3,3
BRDA:72,2,0,0
BRDA:72,3,0,3
BRDA:72,3,1,3
BRDA:81,4,0,1
BRDA:88,5,0,1
BRDA:128,6,0,0
BRDA:128,7,0,1
BRDA:128,7,1,1
BRDA:133,8,0,1
BRDA:140,9,0,0
BRF:15
BRH:11
end_of_record
TN:
SF:src\controllers\post.ts
FN:8,(anonymous_8)
FN:8,(anonymous_9)
FN:29,(anonymous_10)
FN:29,(anonymous_11)
FN:57,(anonymous_12)
FN:57,(anonymous_13)
FN:75,(anonymous_14)
FN:75,(anonymous_15)
FNF:8
FNH:8
FNDA:2,(anonymous_8)
FNDA:2,(anonymous_9)
FNDA:2,(anonymous_10)
FNDA:2,(anonymous_11)
FNDA:1,(anonymous_12)
FNDA:1,(anonymous_13)
FNDA:1,(anonymous_14)
FNDA:1,(anonymous_15)
DA:1,2
DA:8,2
DA:9,2
DA:11,2
DA:12,2
DA:14,2
DA:15,1
DA:17,1
DA:19,2
DA:21,0
DA:29,2
DA:30,2
DA:31,2
DA:32,2
DA:33,0
DA:36,2
DA:37,2
DA:38,2
DA:39,1
DA:43,1
DA:46,0
DA:57,2
DA:58,1
DA:60,1
DA:65,1
DA:66,1
DA:67,1
DA:69,0
DA:75,2
DA:76,1
DA:77,1
DA:78,1
DA:79,0
DA:82,1
DA:83,1
DA:84,1
DA:86,0
DA:91,2
LF:38
LH:32
BRDA:14,0,0,1
BRDA:14,0,1,1
BRDA:14,1,0,2
BRDA:14,1,1,1
BRDA:32,2,0,0
BRDA:32,3,0,2
BRDA:32,3,1,2
BRDA:38,4,0,1
BRDA:38,4,1,1
BRDA:78,5,0,0
BRDA:78,6,0,1
BRDA:78,6,1,1
BRF:12
BRH:10
end_of_record
TN:
SF:src\models\post_model.ts
FNF:0
FNH:0
DA:1,2
DA:3,2
DA:14,2
LF:3
LH:3
BRF:0
BRH:0
end_of_record
TN:
SF:src\models\user_model.ts
FNF:0
FNH:0
DA:1,2
DA:3,2
DA:18,2
LF:3
LH:3
BRF:0
BRH:0
end_of_record
TN:
SF:src\routes\auth_routes.ts
FNF:0
FNH:0
DA:1,2
DA:2,2
DA:3,2
DA:4,2
DA:6,2
DA:7,2
DA:8,2
DA:9,2
DA:14,2
LF:9
LH:9
BRF:0
BRH:0
end_of_record
TN:
SF:src\routes\post_routes.ts
FNF:0
FNH:0
DA:1,2
DA:2,2
DA:3,2
DA:4,2
DA:7,2
DA:9,2
DA:11,2
DA:13,2
DA:14,2
LF:9
LH:9
BRF:0
BRH:0
end_of_record
